<?xml version="1.0" encoding="UTF-8"?>
<testsuite name="fantastic.faniverse.FaniverseApplicationTests" tests="1" skipped="0" failures="0" errors="0" timestamp="2024-08-16T11:42:02" hostname="Yujin-MacBook-Pro.local" time="0.721">
  <properties/>
  <testcase name="contextLoads()" classname="fantastic.faniverse.FaniverseApplicationTests" time="0.721"/>
  <system-out><![CDATA[20:41:41.239 [Test worker] INFO org.springframework.test.context.support.AnnotationConfigContextLoaderUtils -- Could not detect default configuration classes for test class [fantastic.faniverse.FaniverseApplicationTests]: FaniverseApplicationTests does not declare any static, non-private, non-final, nested classes annotated with @Configuration.
20:41:41.398 [Test worker] INFO org.springframework.boot.test.context.SpringBootTestContextBootstrapper -- Found @SpringBootConfiguration fantastic.faniverse.FaniverseApplication for test class fantastic.faniverse.FaniverseApplicationTests
  .   ____          _            __ _ _
 /\\ / ___'_ __ _ _(_)_ __  __ _ \ \ \ \
( ( )\___ | '_ | '_| | '_ \/ _` | \ \ \ \
 \\/  ___)| |_)| | | | | || (_| |  ) ) ) )
  '  |____| .__|_| |_|_| |_\__, | / / / /
 =========|_|==============|___/=/_/_/_/

 :: Spring Boot ::                (v3.3.0)

2024-08-16T20:41:41.939+09:00  INFO 13981 --- [faniverse] [    Test worker] f.faniverse.FaniverseApplicationTests    : Starting FaniverseApplicationTests using Java 21.0.3 with PID 13981 (started by macpro in /Users/macpro/IdeaProjects/FaniverseBE)
2024-08-16T20:41:41.941+09:00  INFO 13981 --- [faniverse] [    Test worker] f.faniverse.FaniverseApplicationTests    : No active profile set, falling back to 1 default profile: "default"
2024-08-16T20:41:41.942+09:00 DEBUG 13981 --- [faniverse] [    Test worker] o.s.boot.SpringApplication               : Loading source class fantastic.faniverse.FaniverseApplication
2024-08-16T20:41:41.980+09:00 DEBUG 13981 --- [faniverse] [    Test worker] o.s.w.c.s.GenericWebApplicationContext   : Refreshing org.springframework.web.context.support.GenericWebApplicationContext@7f02251
2024-08-16T20:41:42.001+09:00 DEBUG 13981 --- [faniverse] [    Test worker] o.s.b.f.s.DefaultListableBeanFactory     : Creating shared instance of singleton bean 'org.springframework.context.annotation.internalConfigurationAnnotationProcessor'
2024-08-16T20:41:42.029+09:00 DEBUG 13981 --- [faniverse] [    Test worker] o.s.b.f.s.DefaultListableBeanFactory     : Creating shared instance of singleton bean 'org.springframework.boot.autoconfigure.internalCachingMetadataReaderFactory'
2024-08-16T20:41:42.149+09:00 DEBUG 13981 --- [faniverse] [    Test worker] o.s.c.a.ClassPathBeanDefinitionScanner   : Identified candidate component class: file [/Users/macpro/IdeaProjects/FaniverseBE/build/classes/java/main/fantastic/faniverse/auth/controller/AuthController.class]
2024-08-16T20:41:42.156+09:00 DEBUG 13981 --- [faniverse] [    Test worker] o.s.c.a.ClassPathBeanDefinitionScanner   : Identified candidate component class: file [/Users/macpro/IdeaProjects/FaniverseBE/build/classes/java/main/fantastic/faniverse/auth/service/AuthService.class]
2024-08-16T20:41:42.157+09:00 DEBUG 13981 --- [faniverse] [    Test worker] o.s.c.a.ClassPathBeanDefinitionScanner   : Identified candidate component class: file [/Users/macpro/IdeaProjects/FaniverseBE/build/classes/java/main/fantastic/faniverse/chat/application/ChatRoomService.class]
2024-08-16T20:41:42.159+09:00 DEBUG 13981 --- [faniverse] [    Test worker] o.s.c.a.ClassPathBeanDefinitionScanner   : Identified candidate component class: file [/Users/macpro/IdeaProjects/FaniverseBE/build/classes/java/main/fantastic/faniverse/chat/application/ChatService.class]
2024-08-16T20:41:42.180+09:00 DEBUG 13981 --- [faniverse] [    Test worker] o.s.c.a.ClassPathBeanDefinitionScanner   : Ignored because not a concrete top-level class: file [/Users/macpro/IdeaProjects/FaniverseBE/build/classes/java/main/fantastic/faniverse/chat/infrastructure/repository/ChatMessageRepository.class]
2024-08-16T20:41:42.181+09:00 DEBUG 13981 --- [faniverse] [    Test worker] o.s.c.a.ClassPathBeanDefinitionScanner   : Ignored because not a concrete top-level class: file [/Users/macpro/IdeaProjects/FaniverseBE/build/classes/java/main/fantastic/faniverse/chat/infrastructure/repository/ChatRoomRepository.class]
2024-08-16T20:41:42.184+09:00 DEBUG 13981 --- [faniverse] [    Test worker] o.s.c.a.ClassPathBeanDefinitionScanner   : Identified candidate component class: file [/Users/macpro/IdeaProjects/FaniverseBE/build/classes/java/main/fantastic/faniverse/chat/presentation/ChatController.class]
2024-08-16T20:41:42.187+09:00 DEBUG 13981 --- [faniverse] [    Test worker] o.s.c.a.ClassPathBeanDefinitionScanner   : Identified candidate component class: file [/Users/macpro/IdeaProjects/FaniverseBE/build/classes/java/main/fantastic/faniverse/chat/presentation/ChatRoomController.class]
2024-08-16T20:41:42.194+09:00 DEBUG 13981 --- [faniverse] [    Test worker] o.s.c.a.ClassPathBeanDefinitionScanner   : Identified candidate component class: file [/Users/macpro/IdeaProjects/FaniverseBE/build/classes/java/main/fantastic/faniverse/community/controller/BoardController.class]
2024-08-16T20:41:42.195+09:00 DEBUG 13981 --- [faniverse] [    Test worker] o.s.c.a.ClassPathBeanDefinitionScanner   : Identified candidate component class: file [/Users/macpro/IdeaProjects/FaniverseBE/build/classes/java/main/fantastic/faniverse/community/controller/CommentController.class]
2024-08-16T20:41:42.196+09:00 DEBUG 13981 --- [faniverse] [    Test worker] o.s.c.a.ClassPathBeanDefinitionScanner   : Identified candidate component class: file [/Users/macpro/IdeaProjects/FaniverseBE/build/classes/java/main/fantastic/faniverse/community/controller/PostController.class]
2024-08-16T20:41:42.211+09:00 DEBUG 13981 --- [faniverse] [    Test worker] o.s.c.a.ClassPathBeanDefinitionScanner   : Ignored because not a concrete top-level class: file [/Users/macpro/IdeaProjects/FaniverseBE/build/classes/java/main/fantastic/faniverse/community/repository/BoardRepository.class]
2024-08-16T20:41:42.212+09:00 DEBUG 13981 --- [faniverse] [    Test worker] o.s.c.a.ClassPathBeanDefinitionScanner   : Ignored because not a concrete top-level class: file [/Users/macpro/IdeaProjects/FaniverseBE/build/classes/java/main/fantastic/faniverse/community/repository/CommentRepository.class]
2024-08-16T20:41:42.213+09:00 DEBUG 13981 --- [faniverse] [    Test worker] o.s.c.a.ClassPathBeanDefinitionScanner   : Ignored because not a concrete top-level class: file [/Users/macpro/IdeaProjects/FaniverseBE/build/classes/java/main/fantastic/faniverse/community/repository/FavoriteBoardRepository.class]
2024-08-16T20:41:42.214+09:00 DEBUG 13981 --- [faniverse] [    Test worker] o.s.c.a.ClassPathBeanDefinitionScanner   : Ignored because not a concrete top-level class: file [/Users/macpro/IdeaProjects/FaniverseBE/build/classes/java/main/fantastic/faniverse/community/repository/LikesRepository.class]
2024-08-16T20:41:42.214+09:00 DEBUG 13981 --- [faniverse] [    Test worker] o.s.c.a.ClassPathBeanDefinitionScanner   : Ignored because not a concrete top-level class: file [/Users/macpro/IdeaProjects/FaniverseBE/build/classes/java/main/fantastic/faniverse/community/repository/PostRepository.class]
2024-08-16T20:41:42.216+09:00 DEBUG 13981 --- [faniverse] [    Test worker] o.s.c.a.ClassPathBeanDefinitionScanner   : Identified candidate component class: file [/Users/macpro/IdeaProjects/FaniverseBE/build/classes/java/main/fantastic/faniverse/community/service/BoardServiceImpl.class]
2024-08-16T20:41:42.218+09:00 DEBUG 13981 --- [faniverse] [    Test worker] o.s.c.a.ClassPathBeanDefinitionScanner   : Identified candidate component class: file [/Users/macpro/IdeaProjects/FaniverseBE/build/classes/java/main/fantastic/faniverse/community/service/CommentServiceImpl.class]
2024-08-16T20:41:42.219+09:00 DEBUG 13981 --- [faniverse] [    Test worker] o.s.c.a.ClassPathBeanDefinitionScanner   : Identified candidate component class: file [/Users/macpro/IdeaProjects/FaniverseBE/build/classes/java/main/fantastic/faniverse/community/service/PostServiceImpl.class]
2024-08-16T20:41:42.225+09:00 DEBUG 13981 --- [faniverse] [    Test worker] o.s.c.a.ClassPathBeanDefinitionScanner   : Identified candidate component class: file [/Users/macpro/IdeaProjects/FaniverseBE/build/classes/java/main/fantastic/faniverse/config/GoogleCloudConfig.class]
2024-08-16T20:41:42.230+09:00 DEBUG 13981 --- [faniverse] [    Test worker] o.s.c.a.ClassPathBeanDefinitionScanner   : Identified candidate component class: file [/Users/macpro/IdeaProjects/FaniverseBE/build/classes/java/main/fantastic/faniverse/config/SecurityConfig.class]
2024-08-16T20:41:42.233+09:00 DEBUG 13981 --- [faniverse] [    Test worker] o.s.c.a.ClassPathBeanDefinitionScanner   : Identified candidate component class: file [/Users/macpro/IdeaProjects/FaniverseBE/build/classes/java/main/fantastic/faniverse/keyword/controller/KeywordController.class]
2024-08-16T20:41:42.234+09:00 DEBUG 13981 --- [faniverse] [    Test worker] o.s.c.a.ClassPathBeanDefinitionScanner   : Ignored because not a concrete top-level class: file [/Users/macpro/IdeaProjects/FaniverseBE/build/classes/java/main/fantastic/faniverse/keyword/repository/KeywordRepository.class]
2024-08-16T20:41:42.235+09:00 DEBUG 13981 --- [faniverse] [    Test worker] o.s.c.a.ClassPathBeanDefinitionScanner   : Identified candidate component class: file [/Users/macpro/IdeaProjects/FaniverseBE/build/classes/java/main/fantastic/faniverse/keyword/service/KeywordService.class]
2024-08-16T20:41:42.236+09:00 DEBUG 13981 --- [faniverse] [    Test worker] o.s.c.a.ClassPathBeanDefinitionScanner   : Identified candidate component class: file [/Users/macpro/IdeaProjects/FaniverseBE/build/classes/java/main/fantastic/faniverse/product/AuctionProduct/controller/AuctionProductController.class]
2024-08-16T20:41:42.245+09:00 DEBUG 13981 --- [faniverse] [    Test worker] o.s.c.a.ClassPathBeanDefinitionScanner   : Ignored because not a concrete top-level class: file [/Users/macpro/IdeaProjects/FaniverseBE/build/classes/java/main/fantastic/faniverse/product/AuctionProduct/repository/AuctionBidRepository.class]
2024-08-16T20:41:42.246+09:00 DEBUG 13981 --- [faniverse] [    Test worker] o.s.c.a.ClassPathBeanDefinitionScanner   : Ignored because not a concrete top-level class: file [/Users/macpro/IdeaProjects/FaniverseBE/build/classes/java/main/fantastic/faniverse/product/AuctionProduct/repository/AuctionProductRepository.class]
2024-08-16T20:41:42.246+09:00 DEBUG 13981 --- [faniverse] [    Test worker] o.s.c.a.ClassPathBeanDefinitionScanner   : Ignored because not a concrete top-level class: file [/Users/macpro/IdeaProjects/FaniverseBE/build/classes/java/main/fantastic/faniverse/product/AuctionProduct/service/AuctionProductService.class]
2024-08-16T20:41:42.249+09:00 DEBUG 13981 --- [faniverse] [    Test worker] o.s.c.a.ClassPathBeanDefinitionScanner   : Identified candidate component class: file [/Users/macpro/IdeaProjects/FaniverseBE/build/classes/java/main/fantastic/faniverse/product/AuctionProduct/service/AuctionProductServiceImpl.class]
2024-08-16T20:41:42.250+09:00 DEBUG 13981 --- [faniverse] [    Test worker] o.s.c.a.ClassPathBeanDefinitionScanner   : Identified candidate component class: file [/Users/macpro/IdeaProjects/FaniverseBE/build/classes/java/main/fantastic/faniverse/product/GeneralProduct/controller/GeneralProductController.class]
2024-08-16T20:41:42.256+09:00 DEBUG 13981 --- [faniverse] [    Test worker] o.s.c.a.ClassPathBeanDefinitionScanner   : Ignored because not a concrete top-level class: file [/Users/macpro/IdeaProjects/FaniverseBE/build/classes/java/main/fantastic/faniverse/product/GeneralProduct/repository/GeneralProductRepository.class]
2024-08-16T20:41:42.256+09:00 DEBUG 13981 --- [faniverse] [    Test worker] o.s.c.a.ClassPathBeanDefinitionScanner   : Ignored because not a concrete top-level class: file [/Users/macpro/IdeaProjects/FaniverseBE/build/classes/java/main/fantastic/faniverse/product/GeneralProduct/service/GeneralProductService.class]
2024-08-16T20:41:42.257+09:00 DEBUG 13981 --- [faniverse] [    Test worker] o.s.c.a.ClassPathBeanDefinitionScanner   : Identified candidate component class: file [/Users/macpro/IdeaProjects/FaniverseBE/build/classes/java/main/fantastic/faniverse/product/GeneralProduct/service/GeneralProductServiceImpl.class]
2024-08-16T20:41:42.258+09:00 DEBUG 13981 --- [faniverse] [    Test worker] o.s.c.a.ClassPathBeanDefinitionScanner   : Identified candidate component class: file [/Users/macpro/IdeaProjects/FaniverseBE/build/classes/java/main/fantastic/faniverse/product/ProductCategory/controller/ProductCategoryController.class]
2024-08-16T20:41:42.260+09:00 DEBUG 13981 --- [faniverse] [    Test worker] o.s.c.a.ClassPathBeanDefinitionScanner   : Identified candidate component class: file [/Users/macpro/IdeaProjects/FaniverseBE/build/classes/java/main/fantastic/faniverse/product/ProductImage/ImageUploadService.class]
2024-08-16T20:41:42.261+09:00 DEBUG 13981 --- [faniverse] [    Test worker] o.s.c.a.ClassPathBeanDefinitionScanner   : Identified candidate component class: file [/Users/macpro/IdeaProjects/FaniverseBE/build/classes/java/main/fantastic/faniverse/product/controller/ProductController.class]
2024-08-16T20:41:42.269+09:00 DEBUG 13981 --- [faniverse] [    Test worker] o.s.c.a.ClassPathBeanDefinitionScanner   : Ignored because not a concrete top-level class: file [/Users/macpro/IdeaProjects/FaniverseBE/build/classes/java/main/fantastic/faniverse/product/repository/ProductRepository.class]
2024-08-16T20:41:42.269+09:00 DEBUG 13981 --- [faniverse] [    Test worker] o.s.c.a.ClassPathBeanDefinitionScanner   : Ignored because not a concrete top-level class: file [/Users/macpro/IdeaProjects/FaniverseBE/build/classes/java/main/fantastic/faniverse/product/service/ProductService.class]
2024-08-16T20:41:42.270+09:00 DEBUG 13981 --- [faniverse] [    Test worker] o.s.c.a.ClassPathBeanDefinitionScanner   : Identified candidate component class: file [/Users/macpro/IdeaProjects/FaniverseBE/build/classes/java/main/fantastic/faniverse/product/service/ProductServiceImpl.class]
2024-08-16T20:41:42.271+09:00 DEBUG 13981 --- [faniverse] [    Test worker] o.s.c.a.ClassPathBeanDefinitionScanner   : Identified candidate component class: file [/Users/macpro/IdeaProjects/FaniverseBE/build/classes/java/main/fantastic/faniverse/search/controller/SearchController.class]
2024-08-16T20:41:42.272+09:00 DEBUG 13981 --- [faniverse] [    Test worker] o.s.c.a.ClassPathBeanDefinitionScanner   : Identified candidate component class: file [/Users/macpro/IdeaProjects/FaniverseBE/build/classes/java/main/fantastic/faniverse/search/service/SearchService.class]
2024-08-16T20:41:42.273+09:00 DEBUG 13981 --- [faniverse] [    Test worker] o.s.c.a.ClassPathBeanDefinitionScanner   : Identified candidate component class: file [/Users/macpro/IdeaProjects/FaniverseBE/build/classes/java/main/fantastic/faniverse/user/controller/UserController.class]
2024-08-16T20:41:42.275+09:00 DEBUG 13981 --- [faniverse] [    Test worker] o.s.c.a.ClassPathBeanDefinitionScanner   : Ignored because not a concrete top-level class: file [/Users/macpro/IdeaProjects/FaniverseBE/build/classes/java/main/fantastic/faniverse/user/repository/UserRepository.class]
2024-08-16T20:41:42.276+09:00 DEBUG 13981 --- [faniverse] [    Test worker] o.s.c.a.ClassPathBeanDefinitionScanner   : Identified candidate component class: file [/Users/macpro/IdeaProjects/FaniverseBE/build/classes/java/main/fantastic/faniverse/user/service/UserService.class]
2024-08-16T20:41:42.277+09:00 DEBUG 13981 --- [faniverse] [    Test worker] o.s.c.a.ClassPathBeanDefinitionScanner   : Identified candidate component class: file [/Users/macpro/IdeaProjects/FaniverseBE/build/classes/java/main/fantastic/faniverse/wishlist/controller/WishlistController.class]
2024-08-16T20:41:42.281+09:00 DEBUG 13981 --- [faniverse] [    Test worker] o.s.c.a.ClassPathBeanDefinitionScanner   : Ignored because not a concrete top-level class: file [/Users/macpro/IdeaProjects/FaniverseBE/build/classes/java/main/fantastic/faniverse/wishlist/repository/WishlistRepository.class]
2024-08-16T20:41:42.282+09:00 DEBUG 13981 --- [faniverse] [    Test worker] o.s.c.a.ClassPathBeanDefinitionScanner   : Identified candidate component class: file [/Users/macpro/IdeaProjects/FaniverseBE/build/classes/java/main/fantastic/faniverse/wishlist/service/WishlistService.class]
2024-08-16T20:41:42.996+09:00  INFO 13981 --- [faniverse] [    Test worker] .s.d.r.c.RepositoryConfigurationDelegate : Bootstrapping Spring Data JPA repositories in DEFAULT mode.
2024-08-16T20:41:43.002+09:00 DEBUG 13981 --- [faniverse] [    Test worker] o.s.b.f.s.DefaultListableBeanFactory     : Creating shared instance of singleton bean 'org.springframework.boot.autoconfigure.AutoConfigurationPackages'
2024-08-16T20:41:43.011+09:00 DEBUG 13981 --- [faniverse] [    Test worker] o.s.b.a.AutoConfigurationPackages        : @EnableAutoConfiguration was declared on a class in the package 'fantastic.faniverse'. Automatic @Repository and @Entity scanning is enabled.
2024-08-16T20:41:43.012+09:00 DEBUG 13981 --- [faniverse] [    Test worker] .s.d.r.c.RepositoryConfigurationDelegate : Scanning for JPA repositories in packages fantastic.faniverse.
2024-08-16T20:41:43.033+09:00 DEBUG 13981 --- [faniverse] [    Test worker] o.s.d.r.c.RepositoryComponentProvider    : Identified candidate component class: file [/Users/macpro/IdeaProjects/FaniverseBE/build/classes/java/main/fantastic/faniverse/chat/infrastructure/repository/ChatMessageRepository.class]
2024-08-16T20:41:43.034+09:00 DEBUG 13981 --- [faniverse] [    Test worker] o.s.d.r.c.RepositoryComponentProvider    : Identified candidate component class: file [/Users/macpro/IdeaProjects/FaniverseBE/build/classes/java/main/fantastic/faniverse/chat/infrastructure/repository/ChatRoomRepository.class]
2024-08-16T20:41:43.034+09:00 DEBUG 13981 --- [faniverse] [    Test worker] o.s.d.r.c.RepositoryComponentProvider    : Identified candidate component class: file [/Users/macpro/IdeaProjects/FaniverseBE/build/classes/java/main/fantastic/faniverse/community/repository/BoardRepository.class]
2024-08-16T20:41:43.035+09:00 DEBUG 13981 --- [faniverse] [    Test worker] o.s.d.r.c.RepositoryComponentProvider    : Identified candidate component class: file [/Users/macpro/IdeaProjects/FaniverseBE/build/classes/java/main/fantastic/faniverse/community/repository/CommentRepository.class]
2024-08-16T20:41:43.035+09:00 DEBUG 13981 --- [faniverse] [    Test worker] o.s.d.r.c.RepositoryComponentProvider    : Identified candidate component class: file [/Users/macpro/IdeaProjects/FaniverseBE/build/classes/java/main/fantastic/faniverse/community/repository/FavoriteBoardRepository.class]
2024-08-16T20:41:43.036+09:00 DEBUG 13981 --- [faniverse] [    Test worker] o.s.d.r.c.RepositoryComponentProvider    : Identified candidate component class: file [/Users/macpro/IdeaProjects/FaniverseBE/build/classes/java/main/fantastic/faniverse/community/repository/LikesRepository.class]
2024-08-16T20:41:43.036+09:00 DEBUG 13981 --- [faniverse] [    Test worker] o.s.d.r.c.RepositoryComponentProvider    : Identified candidate component class: file [/Users/macpro/IdeaProjects/FaniverseBE/build/classes/java/main/fantastic/faniverse/community/repository/PostRepository.class]
2024-08-16T20:41:43.037+09:00 DEBUG 13981 --- [faniverse] [    Test worker] o.s.d.r.c.RepositoryComponentProvider    : Identified candidate component class: file [/Users/macpro/IdeaProjects/FaniverseBE/build/classes/java/main/fantastic/faniverse/keyword/repository/KeywordRepository.class]
2024-08-16T20:41:43.039+09:00 DEBUG 13981 --- [faniverse] [    Test worker] o.s.d.r.c.RepositoryComponentProvider    : Identified candidate component class: file [/Users/macpro/IdeaProjects/FaniverseBE/build/classes/java/main/fantastic/faniverse/product/AuctionProduct/repository/AuctionBidRepository.class]
2024-08-16T20:41:43.039+09:00 DEBUG 13981 --- [faniverse] [    Test worker] o.s.d.r.c.RepositoryComponentProvider    : Identified candidate component class: file [/Users/macpro/IdeaProjects/FaniverseBE/build/classes/java/main/fantastic/faniverse/product/AuctionProduct/repository/AuctionProductRepository.class]
2024-08-16T20:41:43.041+09:00 DEBUG 13981 --- [faniverse] [    Test worker] o.s.d.r.c.RepositoryComponentProvider    : Identified candidate component class: file [/Users/macpro/IdeaProjects/FaniverseBE/build/classes/java/main/fantastic/faniverse/product/GeneralProduct/repository/GeneralProductRepository.class]
2024-08-16T20:41:43.042+09:00 DEBUG 13981 --- [faniverse] [    Test worker] o.s.d.r.c.RepositoryComponentProvider    : Identified candidate component class: file [/Users/macpro/IdeaProjects/FaniverseBE/build/classes/java/main/fantastic/faniverse/product/repository/ProductRepository.class]
2024-08-16T20:41:43.043+09:00 DEBUG 13981 --- [faniverse] [    Test worker] o.s.d.r.c.RepositoryComponentProvider    : Identified candidate component class: file [/Users/macpro/IdeaProjects/FaniverseBE/build/classes/java/main/fantastic/faniverse/user/repository/UserRepository.class]
2024-08-16T20:41:43.044+09:00 DEBUG 13981 --- [faniverse] [    Test worker] o.s.d.r.c.RepositoryComponentProvider    : Identified candidate component class: file [/Users/macpro/IdeaProjects/FaniverseBE/build/classes/java/main/fantastic/faniverse/wishlist/repository/WishlistRepository.class]
2024-08-16T20:41:43.113+09:00 DEBUG 13981 --- [faniverse] [    Test worker] ssPathScanningCandidateComponentProvider : Identified candidate component class: file [/Users/macpro/IdeaProjects/FaniverseBE/build/classes/java/main/fantastic/faniverse/community/service/BoardServiceImpl.class]
2024-08-16T20:41:43.113+09:00 DEBUG 13981 --- [faniverse] [    Test worker] ssPathScanningCandidateComponentProvider : Identified candidate component class: file [/Users/macpro/IdeaProjects/FaniverseBE/build/classes/java/main/fantastic/faniverse/community/service/CommentServiceImpl.class]
2024-08-16T20:41:43.113+09:00 DEBUG 13981 --- [faniverse] [    Test worker] ssPathScanningCandidateComponentProvider : Identified candidate component class: file [/Users/macpro/IdeaProjects/FaniverseBE/build/classes/java/main/fantastic/faniverse/community/service/PostServiceImpl.class]
2024-08-16T20:41:43.113+09:00 DEBUG 13981 --- [faniverse] [    Test worker] ssPathScanningCandidateComponentProvider : Identified candidate component class: file [/Users/macpro/IdeaProjects/FaniverseBE/build/classes/java/main/fantastic/faniverse/product/AuctionProduct/domain/AuctionProduct$AuctionProductBuilderImpl.class]
2024-08-16T20:41:43.113+09:00 DEBUG 13981 --- [faniverse] [    Test worker] ssPathScanningCandidateComponentProvider : Identified candidate component class: file [/Users/macpro/IdeaProjects/FaniverseBE/build/classes/java/main/fantastic/faniverse/product/AuctionProduct/dto/AuctionProductRegisterRequest$AuctionProductRegisterRequestBuilderImpl.class]
2024-08-16T20:41:43.114+09:00 DEBUG 13981 --- [faniverse] [    Test worker] ssPathScanningCandidateComponentProvider : Identified candidate component class: file [/Users/macpro/IdeaProjects/FaniverseBE/build/classes/java/main/fantastic/faniverse/product/AuctionProduct/service/AuctionProductServiceImpl.class]
2024-08-16T20:41:43.114+09:00 DEBUG 13981 --- [faniverse] [    Test worker] ssPathScanningCandidateComponentProvider : Identified candidate component class: file [/Users/macpro/IdeaProjects/FaniverseBE/build/classes/java/main/fantastic/faniverse/product/GeneralProduct/domain/GeneralProduct$GeneralProductBuilderImpl.class]
2024-08-16T20:41:43.114+09:00 DEBUG 13981 --- [faniverse] [    Test worker] ssPathScanningCandidateComponentProvider : Identified candidate component class: file [/Users/macpro/IdeaProjects/FaniverseBE/build/classes/java/main/fantastic/faniverse/product/GeneralProduct/dto/GeneralProductRegisterRequest$GeneralProductRegisterRequestBuilderImpl.class]
2024-08-16T20:41:43.115+09:00 DEBUG 13981 --- [faniverse] [    Test worker] ssPathScanningCandidateComponentProvider : Identified candidate component class: file [/Users/macpro/IdeaProjects/FaniverseBE/build/classes/java/main/fantastic/faniverse/product/GeneralProduct/dto/GeneralProductUpdateRequest$GeneralProductUpdateRequestBuilderImpl.class]
2024-08-16T20:41:43.115+09:00 DEBUG 13981 --- [faniverse] [    Test worker] ssPathScanningCandidateComponentProvider : Identified candidate component class: file [/Users/macpro/IdeaProjects/FaniverseBE/build/classes/java/main/fantastic/faniverse/product/GeneralProduct/service/GeneralProductServiceImpl.class]
2024-08-16T20:41:43.115+09:00 DEBUG 13981 --- [faniverse] [    Test worker] ssPathScanningCandidateComponentProvider : Identified candidate component class: file [/Users/macpro/IdeaProjects/FaniverseBE/build/classes/java/main/fantastic/faniverse/product/service/ProductServiceImpl.class]
2024-08-16T20:41:43.157+09:00  INFO 13981 --- [faniverse] [    Test worker] .s.d.r.c.RepositoryConfigurationDelegate : Finished Spring Data repository scanning in 143 ms. Found 14 JPA repository interfaces.
2024-08-16T20:41:43.302+09:00 DEBUG 13981 --- [faniverse] [    Test worker] o.s.b.f.s.DefaultListableBeanFactory     : Creating shared instance of singleton bean 'springSecurityHandlerMappingIntrospectorBeanDefinitionRegistryPostProcessor'
2024-08-16T20:41:43.303+09:00 DEBUG 13981 --- [faniverse] [    Test worker] o.s.b.f.s.DefaultListableBeanFactory     : Creating shared instance of singleton bean 'authorizedClientManagerRegistrar'
2024-08-16T20:41:43.303+09:00 DEBUG 13981 --- [faniverse] [    Test worker] o.s.b.f.s.DefaultListableBeanFactory     : Creating shared instance of singleton bean 'org.springframework.security.config.annotation.web.configuration.OAuth2ClientConfiguration$OAuth2AuthorizedClientManagerConfiguration'
2024-08-16T20:41:43.449+09:00 DEBUG 13981 --- [faniverse] [    Test worker] o.s.b.f.s.DefaultListableBeanFactory     : Creating shared instance of singleton bean 'propertySourcesPlaceholderConfigurer'
2024-08-16T20:41:43.453+09:00 DEBUG 13981 --- [faniverse] [    Test worker] o.s.b.f.s.DefaultListableBeanFactory     : Creating shared instance of singleton bean 'org.springframework.boot.test.mock.mockito.MockitoPostProcessor'
2024-08-16T20:41:43.455+09:00 DEBUG 13981 --- [faniverse] [    Test worker] o.s.b.f.s.DefaultListableBeanFactory     : Creating shared instance of singleton bean 'emBeanDefinitionRegistrarPostProcessor'
2024-08-16T20:41:43.455+09:00 DEBUG 13981 --- [faniverse] [    Test worker] o.s.b.f.s.DefaultListableBeanFactory     : Creating shared instance of singleton bean 'org.springframework.boot.sql.init.dependency.DatabaseInitializationDependencyConfigurer$DependsOnDatabaseInitializationPostProcessor'
2024-08-16T20:41:43.527+09:00 DEBUG 13981 --- [faniverse] [    Test worker] o.s.b.f.s.DefaultListableBeanFactory     : Creating shared instance of singleton bean 'org.springframework.context.event.internalEventListenerProcessor'
2024-08-16T20:41:43.528+09:00 DEBUG 13981 --- [faniverse] [    Test worker] o.s.b.f.s.DefaultListableBeanFactory     : Creating shared instance of singleton bean 'conversionServicePostProcessor'
2024-08-16T20:41:43.536+09:00 DEBUG 13981 --- [faniverse] [    Test worker] o.s.b.f.s.DefaultListableBeanFactory     : Creating shared instance of singleton bean 'preserveErrorControllerTargetClassPostProcessor'
2024-08-16T20:41:43.537+09:00 DEBUG 13981 --- [faniverse] [    Test worker] o.s.b.f.s.DefaultListableBeanFactory     : Creating shared instance of singleton bean 'org.springframework.context.event.internalEventListenerFactory'
2024-08-16T20:41:43.538+09:00 DEBUG 13981 --- [faniverse] [    Test worker] o.s.b.f.s.DefaultListableBeanFactory     : Creating shared instance of singleton bean 'org.springframework.transaction.config.internalTransactionalEventListenerFactory'
2024-08-16T20:41:43.544+09:00 DEBUG 13981 --- [faniverse] [    Test worker] o.s.b.f.s.DefaultListableBeanFactory     : Creating shared instance of singleton bean 'org.springframework.boot.test.mock.mockito.MockitoPostProcessor$SpyPostProcessor'
2024-08-16T20:41:43.546+09:00 DEBUG 13981 --- [faniverse] [    Test worker] o.s.b.f.s.DefaultListableBeanFactory     : Creating shared instance of singleton bean 'org.springframework.context.annotation.internalAutowiredAnnotationProcessor'
2024-08-16T20:41:43.558+09:00 DEBUG 13981 --- [faniverse] [    Test worker] o.s.b.f.s.DefaultListableBeanFactory     : Creating shared instance of singleton bean 'org.springframework.context.annotation.internalCommonAnnotationProcessor'
2024-08-16T20:41:43.563+09:00 DEBUG 13981 --- [faniverse] [    Test worker] o.s.b.f.s.DefaultListableBeanFactory     : Creating shared instance of singleton bean 'org.springframework.context.annotation.internalPersistenceAnnotationProcessor'
2024-08-16T20:41:43.564+09:00 DEBUG 13981 --- [faniverse] [    Test worker] o.s.b.f.s.DefaultListableBeanFactory     : Creating shared instance of singleton bean 'org.springframework.boot.context.properties.ConfigurationPropertiesBindingPostProcessor'
2024-08-16T20:41:43.564+09:00 DEBUG 13981 --- [faniverse] [    Test worker] o.s.b.f.s.DefaultListableBeanFactory     : Creating shared instance of singleton bean 'org.springframework.boot.context.internalConfigurationPropertiesBinder'
2024-08-16T20:41:43.566+09:00 DEBUG 13981 --- [faniverse] [    Test worker] o.s.b.f.s.DefaultListableBeanFactory     : Creating shared instance of singleton bean 'jdbcConnectionDetailsHikariBeanPostProcessor'
2024-08-16T20:41:43.570+09:00 DEBUG 13981 --- [faniverse] [    Test worker] o.s.b.f.s.DefaultListableBeanFactory     : Creating shared instance of singleton bean 'methodValidationPostProcessor'
2024-08-16T20:41:43.573+09:00 DEBUG 13981 --- [faniverse] [    Test worker] o.s.b.f.s.DefaultListableBeanFactory     : Autowiring by type from bean name 'methodValidationPostProcessor' via factory method to bean named 'environment'
2024-08-16T20:41:43.576+09:00 DEBUG 13981 --- [faniverse] [    Test worker] o.s.b.f.s.DefaultListableBeanFactory     : Creating shared instance of singleton bean 'org.springframework.boot.context.properties.EnableConfigurationPropertiesRegistrar.methodValidationExcludeFilter'
2024-08-16T20:41:43.600+09:00 DEBUG 13981 --- [faniverse] [    Test worker] o.s.b.f.s.DefaultListableBeanFactory     : Creating shared instance of singleton bean 'org.springframework.aop.config.internalAutoProxyCreator'
2024-08-16T20:41:43.619+09:00 DEBUG 13981 --- [faniverse] [    Test worker] o.s.b.f.s.DefaultListableBeanFactory     : Creating shared instance of singleton bean 'persistenceExceptionTranslationPostProcessor'
2024-08-16T20:41:43.620+09:00 DEBUG 13981 --- [faniverse] [    Test worker] o.s.b.f.s.DefaultListableBeanFactory     : Autowiring by type from bean name 'persistenceExceptionTranslationPostProcessor' via factory method to bean named 'environment'
2024-08-16T20:41:43.622+09:00 DEBUG 13981 --- [faniverse] [    Test worker] o.s.b.f.s.DefaultListableBeanFactory     : Creating shared instance of singleton bean 'webServerFactoryCustomizerBeanPostProcessor'
2024-08-16T20:41:43.623+09:00 DEBUG 13981 --- [faniverse] [    Test worker] o.s.b.f.s.DefaultListableBeanFactory     : Creating shared instance of singleton bean 'errorPageRegistrarBeanPostProcessor'
2024-08-16T20:41:43.624+09:00 DEBUG 13981 --- [faniverse] [    Test worker] o.s.b.f.s.DefaultListableBeanFactory     : Creating shared instance of singleton bean 'projectingArgumentResolverBeanPostProcessor'
2024-08-16T20:41:43.626+09:00 DEBUG 13981 --- [faniverse] [    Test worker] o.s.b.f.s.DefaultListableBeanFactory     : Creating shared instance of singleton bean 'org.springframework.transaction.config.internalTransactionAdvisor'
2024-08-16T20:41:43.627+09:00 DEBUG 13981 --- [faniverse] [    Test worker] o.s.b.f.s.DefaultListableBeanFactory     : Creating shared instance of singleton bean 'org.springframework.transaction.annotation.ProxyTransactionManagementConfiguration'
2024-08-16T20:41:43.640+09:00 DEBUG 13981 --- [faniverse] [    Test worker] o.s.b.f.s.DefaultListableBeanFactory     : Creating shared instance of singleton bean 'transactionAttributeSource'
2024-08-16T20:41:43.642+09:00 DEBUG 13981 --- [faniverse] [    Test worker] o.s.b.f.s.DefaultListableBeanFactory     : Creating shared instance of singleton bean 'transactionInterceptor'
2024-08-16T20:41:43.644+09:00 DEBUG 13981 --- [faniverse] [    Test worker] o.s.b.f.s.DefaultListableBeanFactory     : Autowiring by type from bean name 'transactionInterceptor' via factory method to bean named 'transactionAttributeSource'
2024-08-16T20:41:43.649+09:00 DEBUG 13981 --- [faniverse] [    Test worker] o.s.b.f.s.DefaultListableBeanFactory     : Autowiring by type from bean name 'org.springframework.transaction.config.internalTransactionAdvisor' via factory method to bean named 'transactionAttributeSource'
2024-08-16T20:41:43.649+09:00 DEBUG 13981 --- [faniverse] [    Test worker] o.s.b.f.s.DefaultListableBeanFactory     : Autowiring by type from bean name 'org.springframework.transaction.config.internalTransactionAdvisor' via factory method to bean named 'transactionInterceptor'
2024-08-16T20:41:43.673+09:00 DEBUG 13981 --- [faniverse] [    Test worker] o.s.u.c.s.UiApplicationContextUtils      : Unable to locate ThemeSource with name 'themeSource': using default [org.springframework.ui.context.support.ResourceBundleThemeSource@1e545821]
2024-08-16T20:41:43.676+09:00 DEBUG 13981 --- [faniverse] [    Test worker] o.s.b.f.s.DefaultListableBeanFactory     : Creating shared instance of singleton bean 'dataSourceScriptDatabaseInitializer'
2024-08-16T20:41:43.676+09:00 DEBUG 13981 --- [faniverse] [    Test worker] o.s.b.f.s.DefaultListableBeanFactory     : Creating shared instance of singleton bean 'org.springframework.boot.autoconfigure.sql.init.DataSourceInitializationConfiguration'
2024-08-16T20:41:43.679+09:00 DEBUG 13981 --- [faniverse] [    Test worker] o.s.b.f.s.DefaultListableBeanFactory     : Creating shared instance of singleton bean 'dataSource'
2024-08-16T20:41:43.679+09:00 DEBUG 13981 --- [faniverse] [    Test worker] o.s.b.f.s.DefaultListableBeanFactory     : Creating shared instance of singleton bean 'org.springframework.boot.autoconfigure.jdbc.DataSourceConfiguration$Hikari'
2024-08-16T20:41:43.681+09:00 DEBUG 13981 --- [faniverse] [    Test worker] o.s.b.f.s.DefaultListableBeanFactory     : Creating shared instance of singleton bean 'spring.datasource-org.springframework.boot.autoconfigure.jdbc.DataSourceProperties'
2024-08-16T20:41:43.682+09:00 DEBUG 13981 --- [faniverse] [    Test worker] o.s.b.f.s.DefaultListableBeanFactory     : Creating shared instance of singleton bean 'org.springframework.boot.context.properties.BoundConfigurationProperties'
2024-08-16T20:41:43.708+09:00 DEBUG 13981 --- [faniverse] [    Test worker] o.s.b.f.s.DefaultListableBeanFactory     : Creating shared instance of singleton bean 'jdbcConnectionDetails'
2024-08-16T20:41:43.709+09:00 DEBUG 13981 --- [faniverse] [    Test worker] o.s.b.f.s.DefaultListableBeanFactory     : Creating shared instance of singleton bean 'org.springframework.boot.autoconfigure.jdbc.DataSourceAutoConfiguration$PooledDataSourceConfiguration'
2024-08-16T20:41:43.712+09:00 DEBUG 13981 --- [faniverse] [    Test worker] o.s.b.f.s.DefaultListableBeanFactory     : Autowiring by type from bean name 'jdbcConnectionDetails' via factory method to bean named 'spring.datasource-org.springframework.boot.autoconfigure.jdbc.DataSourceProperties'
2024-08-16T20:41:43.713+09:00 DEBUG 13981 --- [faniverse] [    Test worker] o.s.b.f.s.DefaultListableBeanFactory     : Autowiring by type from bean name 'dataSource' via factory method to bean named 'spring.datasource-org.springframework.boot.autoconfigure.jdbc.DataSourceProperties'
2024-08-16T20:41:43.714+09:00 DEBUG 13981 --- [faniverse] [    Test worker] o.s.b.f.s.DefaultListableBeanFactory     : Autowiring by type from bean name 'dataSource' via factory method to bean named 'jdbcConnectionDetails'
2024-08-16T20:41:43.756+09:00 DEBUG 13981 --- [faniverse] [    Test worker] o.s.b.f.s.DefaultListableBeanFactory     : Creating shared instance of singleton bean 'spring.sql.init-org.springframework.boot.autoconfigure.sql.init.SqlInitializationProperties'
2024-08-16T20:41:43.764+09:00 DEBUG 13981 --- [faniverse] [    Test worker] o.s.b.f.s.DefaultListableBeanFactory     : Autowiring by type from bean name 'dataSourceScriptDatabaseInitializer' via factory method to bean named 'dataSource'
2024-08-16T20:41:43.764+09:00 DEBUG 13981 --- [faniverse] [    Test worker] o.s.b.f.s.DefaultListableBeanFactory     : Autowiring by type from bean name 'dataSourceScriptDatabaseInitializer' via factory method to bean named 'spring.sql.init-org.springframework.boot.autoconfigure.sql.init.SqlInitializationProperties'
2024-08-16T20:41:43.772+09:00 DEBUG 13981 --- [faniverse] [    Test worker] o.s.b.f.s.DefaultListableBeanFactory     : Creating shared instance of singleton bean 'entityManagerFactory'
2024-08-16T20:41:43.773+09:00 DEBUG 13981 --- [faniverse] [    Test worker] o.s.b.f.s.DefaultListableBeanFactory     : Creating shared instance of singleton bean 'org.springframework.boot.autoconfigure.orm.jpa.HibernateJpaConfiguration'
2024-08-16T20:41:43.777+09:00 DEBUG 13981 --- [faniverse] [    Test worker] o.s.b.f.s.DefaultListableBeanFactory     : Creating shared instance of singleton bean 'spring.jpa-org.springframework.boot.autoconfigure.orm.jpa.JpaProperties'
2024-08-16T20:41:43.786+09:00 DEBUG 13981 --- [faniverse] [    Test worker] o.s.b.f.s.DefaultListableBeanFactory     : Creating shared instance of singleton bean 'spring.jpa.hibernate-org.springframework.boot.autoconfigure.orm.jpa.HibernateProperties'
2024-08-16T20:41:43.790+09:00 DEBUG 13981 --- [faniverse] [    Test worker] o.s.b.f.s.DefaultListableBeanFactory     : Autowiring by type from bean name 'org.springframework.boot.autoconfigure.orm.jpa.HibernateJpaConfiguration' via constructor to bean named 'dataSource'
2024-08-16T20:41:43.790+09:00 DEBUG 13981 --- [faniverse] [    Test worker] o.s.b.f.s.DefaultListableBeanFactory     : Autowiring by type from bean name 'org.springframework.boot.autoconfigure.orm.jpa.HibernateJpaConfiguration' via constructor to bean named 'spring.jpa-org.springframework.boot.autoconfigure.orm.jpa.JpaProperties'
2024-08-16T20:41:43.790+09:00 DEBUG 13981 --- [faniverse] [    Test worker] o.s.b.f.s.DefaultListableBeanFactory     : Autowiring by type from bean name 'org.springframework.boot.autoconfigure.orm.jpa.HibernateJpaConfiguration' via constructor to bean named 'org.springframework.beans.factory.support.DefaultListableBeanFactory@7cb2651f'
2024-08-16T20:41:43.790+09:00 DEBUG 13981 --- [faniverse] [    Test worker] o.s.b.f.s.DefaultListableBeanFactory     : Autowiring by type from bean name 'org.springframework.boot.autoconfigure.orm.jpa.HibernateJpaConfiguration' via constructor to bean named 'spring.jpa.hibernate-org.springframework.boot.autoconfigure.orm.jpa.HibernateProperties'
2024-08-16T20:41:43.795+09:00 DEBUG 13981 --- [faniverse] [    Test worker] o.s.b.f.s.DefaultListableBeanFactory     : Creating shared instance of singleton bean 'hikariPoolDataSourceMetadataProvider'
2024-08-16T20:41:43.795+09:00 DEBUG 13981 --- [faniverse] [    Test worker] o.s.b.f.s.DefaultListableBeanFactory     : Creating shared instance of singleton bean 'org.springframework.boot.autoconfigure.jdbc.metadata.DataSourcePoolMetadataProvidersConfiguration$HikariPoolDataSourceMetadataProviderConfiguration'
2024-08-16T20:41:43.802+09:00 DEBUG 13981 --- [faniverse] [    Test worker] o.s.b.f.s.DefaultListableBeanFactory     : Creating shared instance of singleton bean 'entityManagerFactoryBuilder'
2024-08-16T20:41:43.803+09:00 DEBUG 13981 --- [faniverse] [    Test worker] o.s.b.f.s.DefaultListableBeanFactory     : Creating shared instance of singleton bean 'jpaVendorAdapter'
2024-08-16T20:41:43.819+09:00 DEBUG 13981 --- [faniverse] [    Test worker] o.s.b.f.s.DefaultListableBeanFactory     : Autowiring by type from bean name 'entityManagerFactoryBuilder' via factory method to bean named 'jpaVendorAdapter'
2024-08-16T20:41:43.826+09:00 DEBUG 13981 --- [faniverse] [    Test worker] o.s.b.f.s.DefaultListableBeanFactory     : Creating shared instance of singleton bean 'persistenceManagedTypes'
2024-08-16T20:41:43.828+09:00 DEBUG 13981 --- [faniverse] [    Test worker] o.s.b.f.s.DefaultListableBeanFactory     : Autowiring by type from bean name 'persistenceManagedTypes' via factory method to bean named 'org.springframework.beans.factory.support.DefaultListableBeanFactory@7cb2651f'
2024-08-16T20:41:43.829+09:00 DEBUG 13981 --- [faniverse] [    Test worker] o.s.b.f.s.DefaultListableBeanFactory     : Autowiring by type from bean name 'persistenceManagedTypes' via factory method to bean named 'org.springframework.web.context.support.GenericWebApplicationContext@7f02251'
2024-08-16T20:41:43.849+09:00 DEBUG 13981 --- [faniverse] [    Test worker] o.s.b.f.s.DefaultListableBeanFactory     : Autowiring by type from bean name 'entityManagerFactory' via factory method to bean named 'entityManagerFactoryBuilder'
2024-08-16T20:41:43.849+09:00 DEBUG 13981 --- [faniverse] [    Test worker] o.s.b.f.s.DefaultListableBeanFactory     : Autowiring by type from bean name 'entityManagerFactory' via factory method to bean named 'persistenceManagedTypes'
2024-08-16T20:41:43.866+09:00 DEBUG 13981 --- [faniverse] [    Test worker] j.LocalContainerEntityManagerFactoryBean : Building JPA container EntityManagerFactory for persistence unit 'default'
2024-08-16T20:41:43.883+09:00  INFO 13981 --- [faniverse] [    Test worker] o.hibernate.jpa.internal.util.LogHelper  : HHH000204: Processing PersistenceUnitInfo [name: default]
2024-08-16T20:41:43.952+09:00  INFO 13981 --- [faniverse] [    Test worker] org.hibernate.Version                    : HHH000412: Hibernate ORM core version 6.5.2.Final
2024-08-16T20:41:43.992+09:00  INFO 13981 --- [faniverse] [    Test worker] o.h.c.internal.RegionFactoryInitiator    : HHH000026: Second-level cache disabled
2024-08-16T20:41:44.354+09:00  INFO 13981 --- [faniverse] [    Test worker] o.s.o.j.p.SpringPersistenceUnitInfo      : No LoadTimeWeaver setup: ignoring JPA class transformer
2024-08-16T20:41:44.386+09:00  INFO 13981 --- [faniverse] [    Test worker] com.zaxxer.hikari.HikariDataSource       : HikariPool-1 - Starting...
2024-08-16T20:41:46.079+09:00  INFO 13981 --- [faniverse] [    Test worker] com.zaxxer.hikari.pool.HikariPool        : HikariPool-1 - Added connection com.mysql.cj.jdbc.ConnectionImpl@3e6acec2
2024-08-16T20:41:46.081+09:00  INFO 13981 --- [faniverse] [    Test worker] com.zaxxer.hikari.HikariDataSource       : HikariPool-1 - Start completed.
2024-08-16T20:41:46.306+09:00  WARN 13981 --- [faniverse] [    Test worker] org.hibernate.orm.deprecation            : HHH90000025: MySQL8Dialect does not need to be specified explicitly using 'hibernate.dialect' (remove the property setting and it will be selected by default)
2024-08-16T20:41:46.306+09:00  WARN 13981 --- [faniverse] [    Test worker] org.hibernate.orm.deprecation            : HHH90000026: MySQL8Dialect has been deprecated; use org.hibernate.dialect.MySQLDialect instead
2024-08-16T20:41:46.855+09:00 DEBUG 13981 --- [faniverse] [    Test worker] o.s.b.f.wiring.BeanConfigurerSupport     : BeanFactory has not been set on BeanConfigurerSupport: Make sure this configurer runs in a Spring container. Unable to configure bean of type [org.springframework.data.jpa.domain.support.AuditingEntityListener]. Proceeding without injection.
2024-08-16T20:41:48.056+09:00  INFO 13981 --- [faniverse] [    Test worker] o.h.e.t.j.p.i.JtaPlatformInitiator       : HHH000489: No JTA platform available (set 'hibernate.transaction.jta.platform' to enable JTA platform integration)
2024-08-16T20:41:48.633+09:00 DEBUG 13981 --- [faniverse] [    Test worker] org.hibernate.SQL                        : alter table chat_message modify column message TEXT
Hibernate: alter table chat_message modify column message TEXT
2024-08-16T20:41:49.002+09:00 DEBUG 13981 --- [faniverse] [    Test worker] org.hibernate.SQL                        : alter table post modify column content TEXT
Hibernate: alter table post modify column content TEXT
2024-08-16T20:41:49.368+09:00 DEBUG 13981 --- [faniverse] [    Test worker] org.hibernate.SQL                        : alter table post modify column image_url TEXT
Hibernate: alter table post modify column image_url TEXT
2024-08-16T20:41:59.777+09:00  INFO 13981 --- [faniverse] [    Test worker] j.LocalContainerEntityManagerFactoryBean : Initialized JPA EntityManagerFactory for persistence unit 'default'
2024-08-16T20:41:59.782+09:00 DEBUG 13981 --- [faniverse] [    Test worker] o.s.b.f.s.DefaultListableBeanFactory     : Creating shared instance of singleton bean 'faniverseApplication'
2024-08-16T20:41:59.784+09:00 DEBUG 13981 --- [faniverse] [    Test worker] o.s.b.f.s.DefaultListableBeanFactory     : Creating shared instance of singleton bean 'authController'
2024-08-16T20:41:59.790+09:00 DEBUG 13981 --- [faniverse] [    Test worker] o.s.b.f.s.DefaultListableBeanFactory     : Creating shared instance of singleton bean 'authService'
2024-08-16T20:41:59.791+09:00 DEBUG 13981 --- [faniverse] [    Test worker] o.s.b.f.s.DefaultListableBeanFactory     : Creating shared instance of singleton bean 'userRepository'
2024-08-16T20:41:59.802+09:00 DEBUG 13981 --- [faniverse] [    Test worker] o.s.b.f.s.DefaultListableBeanFactory     : Creating shared instance of singleton bean 'jpa.named-queries#4'
2024-08-16T20:41:59.806+09:00 DEBUG 13981 --- [faniverse] [    Test worker] o.s.b.f.s.DefaultListableBeanFactory     : Creating shared instance of singleton bean 'jpa.UserRepository.fragments#0'
2024-08-16T20:41:59.812+09:00 DEBUG 13981 --- [faniverse] [    Test worker] o.s.b.f.s.DefaultListableBeanFactory     : Creating shared instance of singleton bean 'jpaSharedEM_entityManagerFactory'
2024-08-16T20:41:59.845+09:00 DEBUG 13981 --- [faniverse] [    Test worker] o.s.b.f.s.DefaultListableBeanFactory     : Creating shared instance of singleton bean 'jpaMappingContext'
2024-08-16T20:41:59.846+09:00 DEBUG 13981 --- [faniverse] [    Test worker] .c.JpaMetamodelMappingContextFactoryBean : Initializing JpaMetamodelMappingContext…
2024-08-16T20:41:59.861+09:00 DEBUG 13981 --- [faniverse] [    Test worker] .c.JpaMetamodelMappingContextFactoryBean : Finished initializing JpaMetamodelMappingContext
2024-08-16T20:41:59.888+09:00 DEBUG 13981 --- [faniverse] [    Test worker] tor$SharedEntityManagerInvocationHandler : Creating new EntityManager for shared EntityManager invocation
2024-08-16T20:41:59.928+09:00 DEBUG 13981 --- [faniverse] [    Test worker] tor$SharedEntityManagerInvocationHandler : Creating new EntityManager for shared EntityManager invocation
2024-08-16T20:41:59.974+09:00 DEBUG 13981 --- [faniverse] [    Test worker] o.s.d.r.c.s.RepositoryFactorySupport     : Initializing repository instance for fantastic.faniverse.user.repository.UserRepository…
2024-08-16T20:41:59.987+09:00 DEBUG 13981 --- [faniverse] [    Test worker] tor$SharedEntityManagerInvocationHandler : Creating new EntityManager for shared EntityManager invocation
2024-08-16T20:42:00.034+09:00 DEBUG 13981 --- [faniverse] [    Test worker] o.s.d.jpa.repository.query.NamedQuery    : Looking up named query User.findByUsername
2024-08-16T20:42:00.036+09:00 DEBUG 13981 --- [faniverse] [    Test worker] o.s.d.jpa.repository.query.NamedQuery    : Did not find named query User.findByUsername
2024-08-16T20:42:00.039+09:00 DEBUG 13981 --- [faniverse] [    Test worker] tor$SharedEntityManagerInvocationHandler : Creating new EntityManager for shared EntityManager invocation
2024-08-16T20:42:00.098+09:00 DEBUG 13981 --- [faniverse] [    Test worker] o.s.d.jpa.repository.query.NamedQuery    : Looking up named query User.findByEmail
2024-08-16T20:42:00.098+09:00 DEBUG 13981 --- [faniverse] [    Test worker] o.s.d.jpa.repository.query.NamedQuery    : Did not find named query User.findByEmail
2024-08-16T20:42:00.099+09:00 DEBUG 13981 --- [faniverse] [    Test worker] tor$SharedEntityManagerInvocationHandler : Creating new EntityManager for shared EntityManager invocation
2024-08-16T20:42:00.104+09:00 DEBUG 13981 --- [faniverse] [    Test worker] o.s.d.r.c.s.RepositoryFactorySupport     : Finished creation of repository instance for fantastic.faniverse.user.repository.UserRepository.
2024-08-16T20:42:00.107+09:00 DEBUG 13981 --- [faniverse] [    Test worker] o.s.b.f.s.DefaultListableBeanFactory     : Creating shared instance of singleton bean 'passwordEncoder'
2024-08-16T20:42:00.107+09:00 DEBUG 13981 --- [faniverse] [    Test worker] o.s.b.f.s.DefaultListableBeanFactory     : Creating shared instance of singleton bean 'securityConfig'
2024-08-16T20:42:00.111+09:00 DEBUG 13981 --- [faniverse] [    Test worker] o.s.b.f.s.DefaultListableBeanFactory     : Autowiring by type from bean name 'authService' via constructor to bean named 'userRepository'
2024-08-16T20:42:00.111+09:00 DEBUG 13981 --- [faniverse] [    Test worker] o.s.b.f.s.DefaultListableBeanFactory     : Autowiring by type from bean name 'authService' via constructor to bean named 'passwordEncoder'
2024-08-16T20:42:00.134+09:00 DEBUG 13981 --- [faniverse] [    Test worker] o.s.b.f.s.DefaultListableBeanFactory     : Creating shared instance of singleton bean 'userService'
2024-08-16T20:42:00.146+09:00 DEBUG 13981 --- [faniverse] [    Test worker] o.s.b.f.s.DefaultListableBeanFactory     : Creating shared instance of singleton bean 'chatRoomService'
2024-08-16T20:42:00.147+09:00 DEBUG 13981 --- [faniverse] [    Test worker] o.s.b.f.s.DefaultListableBeanFactory     : Creating shared instance of singleton bean 'chatRoomRepository'
2024-08-16T20:42:00.149+09:00 DEBUG 13981 --- [faniverse] [    Test worker] o.s.b.f.s.DefaultListableBeanFactory     : Creating shared instance of singleton bean 'jpa.named-queries#9'
2024-08-16T20:42:00.150+09:00 DEBUG 13981 --- [faniverse] [    Test worker] o.s.b.f.s.DefaultListableBeanFactory     : Creating shared instance of singleton bean 'jpa.ChatRoomRepository.fragments#0'
2024-08-16T20:42:00.151+09:00 DEBUG 13981 --- [faniverse] [    Test worker] tor$SharedEntityManagerInvocationHandler : Creating new EntityManager for shared EntityManager invocation
2024-08-16T20:42:00.169+09:00 DEBUG 13981 --- [faniverse] [    Test worker] o.s.d.r.c.s.RepositoryFactorySupport     : Initializing repository instance for fantastic.faniverse.chat.infrastructure.repository.ChatRoomRepository…
2024-08-16T20:42:00.169+09:00 DEBUG 13981 --- [faniverse] [    Test worker] tor$SharedEntityManagerInvocationHandler : Creating new EntityManager for shared EntityManager invocation
2024-08-16T20:42:00.186+09:00  INFO 13981 --- [faniverse] [    Test worker] o.s.d.j.r.query.QueryEnhancerFactory     : Hibernate is in classpath; If applicable, HQL parser will be used.
2024-08-16T20:42:00.392+09:00 DEBUG 13981 --- [faniverse] [    Test worker] o.s.d.jpa.repository.query.NamedQuery    : Did not find named query ChatRoom.findByUserAndId.count
2024-08-16T20:42:00.392+09:00 DEBUG 13981 --- [faniverse] [    Test worker] tor$SharedEntityManagerInvocationHandler : Creating new EntityManager for shared EntityManager invocation
2024-08-16T20:42:00.747+09:00 DEBUG 13981 --- [faniverse] [    Test worker] o.s.d.jpa.repository.query.NamedQuery    : Did not find named query ChatRoom.findWithUserByUserAndIsDeletedNot.count
2024-08-16T20:42:00.747+09:00 DEBUG 13981 --- [faniverse] [    Test worker] tor$SharedEntityManagerInvocationHandler : Creating new EntityManager for shared EntityManager invocation
2024-08-16T20:42:00.774+09:00 DEBUG 13981 --- [faniverse] [    Test worker] o.s.d.r.c.s.RepositoryFactorySupport     : Finished creation of repository instance for fantastic.faniverse.chat.infrastructure.repository.ChatRoomRepository.
2024-08-16T20:42:00.776+09:00 DEBUG 13981 --- [faniverse] [    Test worker] o.s.b.f.s.DefaultListableBeanFactory     : Creating shared instance of singleton bean 'productRepository'
2024-08-16T20:42:00.780+09:00 DEBUG 13981 --- [faniverse] [    Test worker] o.s.b.f.s.DefaultListableBeanFactory     : Creating shared instance of singleton bean 'jpa.named-queries#2'
2024-08-16T20:42:00.781+09:00 DEBUG 13981 --- [faniverse] [    Test worker] o.s.b.f.s.DefaultListableBeanFactory     : Creating shared instance of singleton bean 'jpa.ProductRepository.fragments#0'
2024-08-16T20:42:00.783+09:00 DEBUG 13981 --- [faniverse] [    Test worker] tor$SharedEntityManagerInvocationHandler : Creating new EntityManager for shared EntityManager invocation
2024-08-16T20:42:00.784+09:00 DEBUG 13981 --- [faniverse] [    Test worker] o.s.d.r.c.s.RepositoryFactorySupport     : Initializing repository instance for fantastic.faniverse.product.repository.ProductRepository…
2024-08-16T20:42:00.788+09:00 DEBUG 13981 --- [faniverse] [    Test worker] tor$SharedEntityManagerInvocationHandler : Creating new EntityManager for shared EntityManager invocation
2024-08-16T20:42:00.792+09:00 DEBUG 13981 --- [faniverse] [    Test worker] o.s.d.jpa.repository.query.NamedQuery    : Looking up named query Product.findBySellerId
2024-08-16T20:42:00.793+09:00 DEBUG 13981 --- [faniverse] [    Test worker] o.s.d.jpa.repository.query.NamedQuery    : Did not find named query Product.findBySellerId
2024-08-16T20:42:00.793+09:00 DEBUG 13981 --- [faniverse] [    Test worker] tor$SharedEntityManagerInvocationHandler : Creating new EntityManager for shared EntityManager invocation
2024-08-16T20:42:00.797+09:00 DEBUG 13981 --- [faniverse] [    Test worker] o.s.d.jpa.repository.query.NamedQuery    : Looking up named query Product.findByCategory
2024-08-16T20:42:00.798+09:00 DEBUG 13981 --- [faniverse] [    Test worker] o.s.d.jpa.repository.query.NamedQuery    : Did not find named query Product.findByCategory
2024-08-16T20:42:00.798+09:00 DEBUG 13981 --- [faniverse] [    Test worker] tor$SharedEntityManagerInvocationHandler : Creating new EntityManager for shared EntityManager invocation
2024-08-16T20:42:00.799+09:00 DEBUG 13981 --- [faniverse] [    Test worker] o.s.d.jpa.repository.query.NamedQuery    : Looking up named query Product.findByTitleContaining
2024-08-16T20:42:00.800+09:00 DEBUG 13981 --- [faniverse] [    Test worker] o.s.d.jpa.repository.query.NamedQuery    : Did not find named query Product.findByTitleContaining
2024-08-16T20:42:00.800+09:00 DEBUG 13981 --- [faniverse] [    Test worker] tor$SharedEntityManagerInvocationHandler : Creating new EntityManager for shared EntityManager invocation
2024-08-16T20:42:00.802+09:00 DEBUG 13981 --- [faniverse] [    Test worker] o.s.d.jpa.repository.query.NamedQuery    : Looking up named query Product.findByTitleContainingOrContentContaining
2024-08-16T20:42:00.803+09:00 DEBUG 13981 --- [faniverse] [    Test worker] o.s.d.jpa.repository.query.NamedQuery    : Did not find named query Product.findByTitleContainingOrContentContaining
2024-08-16T20:42:00.803+09:00 DEBUG 13981 --- [faniverse] [    Test worker] tor$SharedEntityManagerInvocationHandler : Creating new EntityManager for shared EntityManager invocation
2024-08-16T20:42:00.804+09:00 DEBUG 13981 --- [faniverse] [    Test worker] o.s.d.jpa.repository.query.NamedQuery    : Looking up named query Product.findTop10ByOrderByCreatedAtDesc
2024-08-16T20:42:00.805+09:00 DEBUG 13981 --- [faniverse] [    Test worker] o.s.d.jpa.repository.query.NamedQuery    : Did not find named query Product.findTop10ByOrderByCreatedAtDesc
2024-08-16T20:42:00.805+09:00 DEBUG 13981 --- [faniverse] [    Test worker] tor$SharedEntityManagerInvocationHandler : Creating new EntityManager for shared EntityManager invocation
2024-08-16T20:42:00.811+09:00 DEBUG 13981 --- [faniverse] [    Test worker] o.s.d.r.c.s.RepositoryFactorySupport     : Finished creation of repository instance for fantastic.faniverse.product.repository.ProductRepository.
2024-08-16T20:42:00.812+09:00 DEBUG 13981 --- [faniverse] [    Test worker] o.s.b.f.s.DefaultListableBeanFactory     : Autowiring by type from bean name 'chatRoomService' via constructor to bean named 'chatRoomRepository'
2024-08-16T20:42:00.812+09:00 DEBUG 13981 --- [faniverse] [    Test worker] o.s.b.f.s.DefaultListableBeanFactory     : Autowiring by type from bean name 'chatRoomService' via constructor to bean named 'userRepository'
2024-08-16T20:42:00.812+09:00 DEBUG 13981 --- [faniverse] [    Test worker] o.s.b.f.s.DefaultListableBeanFactory     : Autowiring by type from bean name 'chatRoomService' via constructor to bean named 'productRepository'
2024-08-16T20:42:00.821+09:00 DEBUG 13981 --- [faniverse] [    Test worker] o.s.b.f.s.DefaultListableBeanFactory     : Creating shared instance of singleton bean 'chatService'
2024-08-16T20:42:00.822+09:00 DEBUG 13981 --- [faniverse] [    Test worker] o.s.b.f.s.DefaultListableBeanFactory     : Creating shared instance of singleton bean 'chatMessageRepository'
2024-08-16T20:42:00.824+09:00 DEBUG 13981 --- [faniverse] [    Test worker] o.s.b.f.s.DefaultListableBeanFactory     : Creating shared instance of singleton bean 'jpa.named-queries#5'
2024-08-16T20:42:00.825+09:00 DEBUG 13981 --- [faniverse] [    Test worker] o.s.b.f.s.DefaultListableBeanFactory     : Creating shared instance of singleton bean 'jpa.ChatMessageRepository.fragments#0'
2024-08-16T20:42:00.826+09:00 DEBUG 13981 --- [faniverse] [    Test worker] tor$SharedEntityManagerInvocationHandler : Creating new EntityManager for shared EntityManager invocation
2024-08-16T20:42:00.830+09:00 DEBUG 13981 --- [faniverse] [    Test worker] o.s.d.r.c.s.RepositoryFactorySupport     : Initializing repository instance for fantastic.faniverse.chat.infrastructure.repository.ChatMessageRepository…
2024-08-16T20:42:00.831+09:00 DEBUG 13981 --- [faniverse] [    Test worker] tor$SharedEntityManagerInvocationHandler : Creating new EntityManager for shared EntityManager invocation
2024-08-16T20:42:00.846+09:00 DEBUG 13981 --- [faniverse] [    Test worker] o.s.d.jpa.repository.query.NamedQuery    : Did not find named query ChatMessage.findLastMessages.count
2024-08-16T20:42:00.847+09:00 DEBUG 13981 --- [faniverse] [    Test worker] tor$SharedEntityManagerInvocationHandler : Creating new EntityManager for shared EntityManager invocation
2024-08-16T20:42:00.852+09:00 DEBUG 13981 --- [faniverse] [    Test worker] o.s.d.jpa.repository.query.NamedQuery    : Looking up named query ChatMessage.findByChatRoomIdAndIdGreaterThan
2024-08-16T20:42:00.852+09:00 DEBUG 13981 --- [faniverse] [    Test worker] o.s.d.jpa.repository.query.NamedQuery    : Did not find named query ChatMessage.findByChatRoomIdAndIdGreaterThan
2024-08-16T20:42:00.852+09:00 DEBUG 13981 --- [faniverse] [    Test worker] tor$SharedEntityManagerInvocationHandler : Creating new EntityManager for shared EntityManager invocation
2024-08-16T20:42:00.857+09:00 DEBUG 13981 --- [faniverse] [    Test worker] o.s.d.r.c.s.RepositoryFactorySupport     : Finished creation of repository instance for fantastic.faniverse.chat.infrastructure.repository.ChatMessageRepository.
2024-08-16T20:42:00.858+09:00 DEBUG 13981 --- [faniverse] [    Test worker] o.s.b.f.s.DefaultListableBeanFactory     : Autowiring by type from bean name 'chatService' via constructor to bean named 'chatRoomRepository'
2024-08-16T20:42:00.859+09:00 DEBUG 13981 --- [faniverse] [    Test worker] o.s.b.f.s.DefaultListableBeanFactory     : Autowiring by type from bean name 'chatService' via constructor to bean named 'userRepository'
2024-08-16T20:42:00.859+09:00 DEBUG 13981 --- [faniverse] [    Test worker] o.s.b.f.s.DefaultListableBeanFactory     : Autowiring by type from bean name 'chatService' via constructor to bean named 'chatMessageRepository'
2024-08-16T20:42:00.866+09:00 DEBUG 13981 --- [faniverse] [    Test worker] o.s.b.f.s.DefaultListableBeanFactory     : Creating shared instance of singleton bean 'chatController'
2024-08-16T20:42:00.868+09:00 DEBUG 13981 --- [faniverse] [    Test worker] o.s.b.f.s.DefaultListableBeanFactory     : Autowiring by type from bean name 'chatController' via constructor to bean named 'chatService'
2024-08-16T20:42:00.869+09:00 DEBUG 13981 --- [faniverse] [    Test worker] o.s.b.f.s.DefaultListableBeanFactory     : Creating shared instance of singleton bean 'chatRoomController'
2024-08-16T20:42:00.871+09:00 DEBUG 13981 --- [faniverse] [    Test worker] o.s.b.f.s.DefaultListableBeanFactory     : Autowiring by type from bean name 'chatRoomController' via constructor to bean named 'chatRoomService'
2024-08-16T20:42:00.871+09:00 DEBUG 13981 --- [faniverse] [    Test worker] o.s.b.f.s.DefaultListableBeanFactory     : Autowiring by type from bean name 'chatRoomController' via constructor to bean named 'userService'
2024-08-16T20:42:00.872+09:00 DEBUG 13981 --- [faniverse] [    Test worker] o.s.b.f.s.DefaultListableBeanFactory     : Creating shared instance of singleton bean 'boardController'
2024-08-16T20:42:00.874+09:00 DEBUG 13981 --- [faniverse] [    Test worker] o.s.b.f.s.DefaultListableBeanFactory     : Creating shared instance of singleton bean 'boardServiceImpl'
2024-08-16T20:42:00.876+09:00 DEBUG 13981 --- [faniverse] [    Test worker] o.s.b.f.s.DefaultListableBeanFactory     : Creating shared instance of singleton bean 'boardRepository'
2024-08-16T20:42:00.877+09:00 DEBUG 13981 --- [faniverse] [    Test worker] o.s.b.f.s.DefaultListableBeanFactory     : Creating shared instance of singleton bean 'jpa.named-queries#1'
2024-08-16T20:42:00.878+09:00 DEBUG 13981 --- [faniverse] [    Test worker] o.s.b.f.s.DefaultListableBeanFactory     : Creating shared instance of singleton bean 'jpa.BoardRepository.fragments#0'
2024-08-16T20:42:00.879+09:00 DEBUG 13981 --- [faniverse] [    Test worker] tor$SharedEntityManagerInvocationHandler : Creating new EntityManager for shared EntityManager invocation
2024-08-16T20:42:00.881+09:00 DEBUG 13981 --- [faniverse] [    Test worker] o.s.d.r.c.s.RepositoryFactorySupport     : Initializing repository instance for fantastic.faniverse.community.repository.BoardRepository…
2024-08-16T20:42:00.881+09:00 DEBUG 13981 --- [faniverse] [    Test worker] tor$SharedEntityManagerInvocationHandler : Creating new EntityManager for shared EntityManager invocation
2024-08-16T20:42:00.885+09:00 DEBUG 13981 --- [faniverse] [    Test worker] o.s.d.jpa.repository.query.NamedQuery    : Looking up named query Board.findBoardByNameContaining
2024-08-16T20:42:00.886+09:00 DEBUG 13981 --- [faniverse] [    Test worker] o.s.d.jpa.repository.query.NamedQuery    : Did not find named query Board.findBoardByNameContaining
2024-08-16T20:42:00.886+09:00 DEBUG 13981 --- [faniverse] [    Test worker] tor$SharedEntityManagerInvocationHandler : Creating new EntityManager for shared EntityManager invocation
2024-08-16T20:42:00.890+09:00 DEBUG 13981 --- [faniverse] [    Test worker] o.s.d.r.c.s.RepositoryFactorySupport     : Finished creation of repository instance for fantastic.faniverse.community.repository.BoardRepository.
2024-08-16T20:42:00.892+09:00 DEBUG 13981 --- [faniverse] [    Test worker] o.s.b.f.s.DefaultListableBeanFactory     : Creating shared instance of singleton bean 'favoriteBoardRepository'
2024-08-16T20:42:00.894+09:00 DEBUG 13981 --- [faniverse] [    Test worker] o.s.b.f.s.DefaultListableBeanFactory     : Creating shared instance of singleton bean 'jpa.named-queries#12'
2024-08-16T20:42:00.895+09:00 DEBUG 13981 --- [faniverse] [    Test worker] o.s.b.f.s.DefaultListableBeanFactory     : Creating shared instance of singleton bean 'jpa.FavoriteBoardRepository.fragments#0'
2024-08-16T20:42:00.896+09:00 DEBUG 13981 --- [faniverse] [    Test worker] tor$SharedEntityManagerInvocationHandler : Creating new EntityManager for shared EntityManager invocation
2024-08-16T20:42:00.899+09:00 DEBUG 13981 --- [faniverse] [    Test worker] o.s.d.r.c.s.RepositoryFactorySupport     : Initializing repository instance for fantastic.faniverse.community.repository.FavoriteBoardRepository…
2024-08-16T20:42:00.899+09:00 DEBUG 13981 --- [faniverse] [    Test worker] tor$SharedEntityManagerInvocationHandler : Creating new EntityManager for shared EntityManager invocation
2024-08-16T20:42:00.902+09:00 DEBUG 13981 --- [faniverse] [    Test worker] o.s.d.jpa.repository.query.NamedQuery    : Looking up named query FavoriteBoard.findByBoardAndUser
2024-08-16T20:42:00.902+09:00 DEBUG 13981 --- [faniverse] [    Test worker] o.s.d.jpa.repository.query.NamedQuery    : Did not find named query FavoriteBoard.findByBoardAndUser
2024-08-16T20:42:00.902+09:00 DEBUG 13981 --- [faniverse] [    Test worker] tor$SharedEntityManagerInvocationHandler : Creating new EntityManager for shared EntityManager invocation
2024-08-16T20:42:00.911+09:00 DEBUG 13981 --- [faniverse] [    Test worker] o.s.d.r.c.s.RepositoryFactorySupport     : Finished creation of repository instance for fantastic.faniverse.community.repository.FavoriteBoardRepository.
2024-08-16T20:42:00.912+09:00 DEBUG 13981 --- [faniverse] [    Test worker] o.s.b.f.s.DefaultListableBeanFactory     : Autowiring by type from bean name 'boardServiceImpl' via constructor to bean named 'boardRepository'
2024-08-16T20:42:00.912+09:00 DEBUG 13981 --- [faniverse] [    Test worker] o.s.b.f.s.DefaultListableBeanFactory     : Autowiring by type from bean name 'boardServiceImpl' via constructor to bean named 'userRepository'
2024-08-16T20:42:00.912+09:00 DEBUG 13981 --- [faniverse] [    Test worker] o.s.b.f.s.DefaultListableBeanFactory     : Autowiring by type from bean name 'boardServiceImpl' via constructor to bean named 'favoriteBoardRepository'
2024-08-16T20:42:00.919+09:00 DEBUG 13981 --- [faniverse] [    Test worker] o.s.b.f.s.DefaultListableBeanFactory     : Autowiring by type from bean name 'boardController' via constructor to bean named 'boardServiceImpl'
2024-08-16T20:42:00.920+09:00 DEBUG 13981 --- [faniverse] [    Test worker] o.s.b.f.s.DefaultListableBeanFactory     : Creating shared instance of singleton bean 'commentController'
2024-08-16T20:42:00.921+09:00 DEBUG 13981 --- [faniverse] [    Test worker] o.s.b.f.s.DefaultListableBeanFactory     : Creating shared instance of singleton bean 'commentServiceImpl'
2024-08-16T20:42:00.922+09:00 DEBUG 13981 --- [faniverse] [    Test worker] o.s.b.f.s.DefaultListableBeanFactory     : Creating shared instance of singleton bean 'postRepository'
2024-08-16T20:42:00.924+09:00 DEBUG 13981 --- [faniverse] [    Test worker] o.s.b.f.s.DefaultListableBeanFactory     : Creating shared instance of singleton bean 'jpa.named-queries#6'
2024-08-16T20:42:00.926+09:00 DEBUG 13981 --- [faniverse] [    Test worker] o.s.b.f.s.DefaultListableBeanFactory     : Creating shared instance of singleton bean 'jpa.PostRepository.fragments#0'
2024-08-16T20:42:00.927+09:00 DEBUG 13981 --- [faniverse] [    Test worker] tor$SharedEntityManagerInvocationHandler : Creating new EntityManager for shared EntityManager invocation
2024-08-16T20:42:00.933+09:00 DEBUG 13981 --- [faniverse] [    Test worker] o.s.d.r.c.s.RepositoryFactorySupport     : Initializing repository instance for fantastic.faniverse.community.repository.PostRepository…
2024-08-16T20:42:00.933+09:00 DEBUG 13981 --- [faniverse] [    Test worker] tor$SharedEntityManagerInvocationHandler : Creating new EntityManager for shared EntityManager invocation
2024-08-16T20:42:00.937+09:00 DEBUG 13981 --- [faniverse] [    Test worker] o.s.d.jpa.repository.query.NamedQuery    : Looking up named query Post.findByBoardId
2024-08-16T20:42:00.938+09:00 DEBUG 13981 --- [faniverse] [    Test worker] o.s.d.jpa.repository.query.NamedQuery    : Did not find named query Post.findByBoardId
2024-08-16T20:42:00.938+09:00 DEBUG 13981 --- [faniverse] [    Test worker] tor$SharedEntityManagerInvocationHandler : Creating new EntityManager for shared EntityManager invocation
2024-08-16T20:42:00.940+09:00 DEBUG 13981 --- [faniverse] [    Test worker] o.s.d.jpa.repository.query.NamedQuery    : Looking up named query Post.findByBoardIdAndTitleContaining
2024-08-16T20:42:00.940+09:00 DEBUG 13981 --- [faniverse] [    Test worker] o.s.d.jpa.repository.query.NamedQuery    : Did not find named query Post.findByBoardIdAndTitleContaining
2024-08-16T20:42:00.940+09:00 DEBUG 13981 --- [faniverse] [    Test worker] tor$SharedEntityManagerInvocationHandler : Creating new EntityManager for shared EntityManager invocation
2024-08-16T20:42:00.945+09:00 DEBUG 13981 --- [faniverse] [    Test worker] o.s.d.r.c.s.RepositoryFactorySupport     : Finished creation of repository instance for fantastic.faniverse.community.repository.PostRepository.
2024-08-16T20:42:00.946+09:00 DEBUG 13981 --- [faniverse] [    Test worker] o.s.b.f.s.DefaultListableBeanFactory     : Creating shared instance of singleton bean 'commentRepository'
2024-08-16T20:42:00.947+09:00 DEBUG 13981 --- [faniverse] [    Test worker] o.s.b.f.s.DefaultListableBeanFactory     : Creating shared instance of singleton bean 'jpa.named-queries#8'
2024-08-16T20:42:00.949+09:00 DEBUG 13981 --- [faniverse] [    Test worker] o.s.b.f.s.DefaultListableBeanFactory     : Creating shared instance of singleton bean 'jpa.CommentRepository.fragments#0'
2024-08-16T20:42:00.950+09:00 DEBUG 13981 --- [faniverse] [    Test worker] tor$SharedEntityManagerInvocationHandler : Creating new EntityManager for shared EntityManager invocation
2024-08-16T20:42:00.954+09:00 DEBUG 13981 --- [faniverse] [    Test worker] o.s.d.r.c.s.RepositoryFactorySupport     : Initializing repository instance for fantastic.faniverse.community.repository.CommentRepository…
2024-08-16T20:42:00.955+09:00 DEBUG 13981 --- [faniverse] [    Test worker] tor$SharedEntityManagerInvocationHandler : Creating new EntityManager for shared EntityManager invocation
2024-08-16T20:42:00.958+09:00 DEBUG 13981 --- [faniverse] [    Test worker] o.s.d.jpa.repository.query.NamedQuery    : Looking up named query Comment.findByPostId
2024-08-16T20:42:00.958+09:00 DEBUG 13981 --- [faniverse] [    Test worker] o.s.d.jpa.repository.query.NamedQuery    : Did not find named query Comment.findByPostId
2024-08-16T20:42:00.958+09:00 DEBUG 13981 --- [faniverse] [    Test worker] tor$SharedEntityManagerInvocationHandler : Creating new EntityManager for shared EntityManager invocation
2024-08-16T20:42:00.962+09:00 DEBUG 13981 --- [faniverse] [    Test worker] o.s.d.r.c.s.RepositoryFactorySupport     : Finished creation of repository instance for fantastic.faniverse.community.repository.CommentRepository.
2024-08-16T20:42:00.963+09:00 DEBUG 13981 --- [faniverse] [    Test worker] o.s.b.f.s.DefaultListableBeanFactory     : Autowiring by type from bean name 'commentServiceImpl' via constructor to bean named 'postRepository'
2024-08-16T20:42:00.963+09:00 DEBUG 13981 --- [faniverse] [    Test worker] o.s.b.f.s.DefaultListableBeanFactory     : Autowiring by type from bean name 'commentServiceImpl' via constructor to bean named 'userRepository'
2024-08-16T20:42:00.963+09:00 DEBUG 13981 --- [faniverse] [    Test worker] o.s.b.f.s.DefaultListableBeanFactory     : Autowiring by type from bean name 'commentServiceImpl' via constructor to bean named 'commentRepository'
2024-08-16T20:42:00.974+09:00 DEBUG 13981 --- [faniverse] [    Test worker] o.s.b.f.s.DefaultListableBeanFactory     : Autowiring by type from bean name 'commentController' via constructor to bean named 'commentServiceImpl'
2024-08-16T20:42:00.975+09:00 DEBUG 13981 --- [faniverse] [    Test worker] o.s.b.f.s.DefaultListableBeanFactory     : Creating shared instance of singleton bean 'postController'
2024-08-16T20:42:00.978+09:00 DEBUG 13981 --- [faniverse] [    Test worker] o.s.b.f.s.DefaultListableBeanFactory     : Creating shared instance of singleton bean 'postServiceImpl'
2024-08-16T20:42:00.979+09:00 DEBUG 13981 --- [faniverse] [    Test worker] o.s.b.f.s.DefaultListableBeanFactory     : Creating shared instance of singleton bean 'likesRepository'
2024-08-16T20:42:00.981+09:00 DEBUG 13981 --- [faniverse] [    Test worker] o.s.b.f.s.DefaultListableBeanFactory     : Creating shared instance of singleton bean 'jpa.named-queries#13'
2024-08-16T20:42:00.982+09:00 DEBUG 13981 --- [faniverse] [    Test worker] o.s.b.f.s.DefaultListableBeanFactory     : Creating shared instance of singleton bean 'jpa.LikesRepository.fragments#0'
2024-08-16T20:42:00.983+09:00 DEBUG 13981 --- [faniverse] [    Test worker] tor$SharedEntityManagerInvocationHandler : Creating new EntityManager for shared EntityManager invocation
2024-08-16T20:42:00.986+09:00 DEBUG 13981 --- [faniverse] [    Test worker] o.s.d.r.c.s.RepositoryFactorySupport     : Initializing repository instance for fantastic.faniverse.community.repository.LikesRepository…
2024-08-16T20:42:00.986+09:00 DEBUG 13981 --- [faniverse] [    Test worker] tor$SharedEntityManagerInvocationHandler : Creating new EntityManager for shared EntityManager invocation
2024-08-16T20:42:00.988+09:00 DEBUG 13981 --- [faniverse] [    Test worker] o.s.d.jpa.repository.query.NamedQuery    : Looking up named query Likes.findByUserAndPost
2024-08-16T20:42:00.989+09:00 DEBUG 13981 --- [faniverse] [    Test worker] o.s.d.jpa.repository.query.NamedQuery    : Did not find named query Likes.findByUserAndPost
2024-08-16T20:42:00.989+09:00 DEBUG 13981 --- [faniverse] [    Test worker] tor$SharedEntityManagerInvocationHandler : Creating new EntityManager for shared EntityManager invocation
2024-08-16T20:42:00.995+09:00 DEBUG 13981 --- [faniverse] [    Test worker] o.s.d.r.c.s.RepositoryFactorySupport     : Finished creation of repository instance for fantastic.faniverse.community.repository.LikesRepository.
2024-08-16T20:42:00.996+09:00 DEBUG 13981 --- [faniverse] [    Test worker] o.s.b.f.s.DefaultListableBeanFactory     : Autowiring by type from bean name 'postServiceImpl' via constructor to bean named 'postRepository'
2024-08-16T20:42:00.996+09:00 DEBUG 13981 --- [faniverse] [    Test worker] o.s.b.f.s.DefaultListableBeanFactory     : Autowiring by type from bean name 'postServiceImpl' via constructor to bean named 'userRepository'
2024-08-16T20:42:00.996+09:00 DEBUG 13981 --- [faniverse] [    Test worker] o.s.b.f.s.DefaultListableBeanFactory     : Autowiring by type from bean name 'postServiceImpl' via constructor to bean named 'boardRepository'
2024-08-16T20:42:00.996+09:00 DEBUG 13981 --- [faniverse] [    Test worker] o.s.b.f.s.DefaultListableBeanFactory     : Autowiring by type from bean name 'postServiceImpl' via constructor to bean named 'likesRepository'
2024-08-16T20:42:01.003+09:00 DEBUG 13981 --- [faniverse] [    Test worker] o.s.b.f.s.DefaultListableBeanFactory     : Autowiring by type from bean name 'postController' via constructor to bean named 'postServiceImpl'
2024-08-16T20:42:01.005+09:00 DEBUG 13981 --- [faniverse] [    Test worker] o.s.b.f.s.DefaultListableBeanFactory     : Creating shared instance of singleton bean 'googleCloudConfig'
2024-08-16T20:42:01.006+09:00 DEBUG 13981 --- [faniverse] [    Test worker] o.s.b.f.s.DefaultListableBeanFactory     : Creating shared instance of singleton bean 'keywordController'
2024-08-16T20:42:01.009+09:00 DEBUG 13981 --- [faniverse] [    Test worker] o.s.b.f.s.DefaultListableBeanFactory     : Creating shared instance of singleton bean 'keywordService'
2024-08-16T20:42:01.011+09:00 DEBUG 13981 --- [faniverse] [    Test worker] o.s.b.f.s.DefaultListableBeanFactory     : Creating shared instance of singleton bean 'keywordRepository'
2024-08-16T20:42:01.012+09:00 DEBUG 13981 --- [faniverse] [    Test worker] o.s.b.f.s.DefaultListableBeanFactory     : Creating shared instance of singleton bean 'jpa.named-queries#3'
2024-08-16T20:42:01.013+09:00 DEBUG 13981 --- [faniverse] [    Test worker] o.s.b.f.s.DefaultListableBeanFactory     : Creating shared instance of singleton bean 'jpa.KeywordRepository.fragments#0'
2024-08-16T20:42:01.014+09:00 DEBUG 13981 --- [faniverse] [    Test worker] tor$SharedEntityManagerInvocationHandler : Creating new EntityManager for shared EntityManager invocation
2024-08-16T20:42:01.017+09:00 DEBUG 13981 --- [faniverse] [    Test worker] o.s.d.r.c.s.RepositoryFactorySupport     : Initializing repository instance for fantastic.faniverse.keyword.repository.KeywordRepository…
2024-08-16T20:42:01.018+09:00 DEBUG 13981 --- [faniverse] [    Test worker] tor$SharedEntityManagerInvocationHandler : Creating new EntityManager for shared EntityManager invocation
2024-08-16T20:42:01.020+09:00 DEBUG 13981 --- [faniverse] [    Test worker] o.s.d.jpa.repository.query.NamedQuery    : Looking up named query Keyword.findByUser
2024-08-16T20:42:01.020+09:00 DEBUG 13981 --- [faniverse] [    Test worker] o.s.d.jpa.repository.query.NamedQuery    : Did not find named query Keyword.findByUser
2024-08-16T20:42:01.021+09:00 DEBUG 13981 --- [faniverse] [    Test worker] tor$SharedEntityManagerInvocationHandler : Creating new EntityManager for shared EntityManager invocation
2024-08-16T20:42:01.026+09:00 DEBUG 13981 --- [faniverse] [    Test worker] o.s.d.r.c.s.RepositoryFactorySupport     : Finished creation of repository instance for fantastic.faniverse.keyword.repository.KeywordRepository.
2024-08-16T20:42:01.028+09:00 DEBUG 13981 --- [faniverse] [    Test worker] o.s.b.f.s.DefaultListableBeanFactory     : Creating shared instance of singleton bean 'productServiceImpl'
2024-08-16T20:42:01.029+09:00 DEBUG 13981 --- [faniverse] [    Test worker] o.s.b.f.s.DefaultListableBeanFactory     : Creating shared instance of singleton bean 'generalProductRepository'
2024-08-16T20:42:01.030+09:00 DEBUG 13981 --- [faniverse] [    Test worker] o.s.b.f.s.DefaultListableBeanFactory     : Creating shared instance of singleton bean 'jpa.named-queries#11'
2024-08-16T20:42:01.030+09:00 DEBUG 13981 --- [faniverse] [    Test worker] o.s.b.f.s.DefaultListableBeanFactory     : Creating shared instance of singleton bean 'jpa.GeneralProductRepository.fragments#0'
2024-08-16T20:42:01.031+09:00 DEBUG 13981 --- [faniverse] [    Test worker] tor$SharedEntityManagerInvocationHandler : Creating new EntityManager for shared EntityManager invocation
2024-08-16T20:42:01.037+09:00 DEBUG 13981 --- [faniverse] [    Test worker] o.s.d.r.c.s.RepositoryFactorySupport     : Initializing repository instance for fantastic.faniverse.product.GeneralProduct.repository.GeneralProductRepository…
2024-08-16T20:42:01.038+09:00 DEBUG 13981 --- [faniverse] [    Test worker] tor$SharedEntityManagerInvocationHandler : Creating new EntityManager for shared EntityManager invocation
2024-08-16T20:42:01.046+09:00 DEBUG 13981 --- [faniverse] [    Test worker] o.s.d.r.c.s.RepositoryFactorySupport     : Finished creation of repository instance for fantastic.faniverse.product.GeneralProduct.repository.GeneralProductRepository.
2024-08-16T20:42:01.047+09:00 DEBUG 13981 --- [faniverse] [    Test worker] o.s.b.f.s.DefaultListableBeanFactory     : Creating shared instance of singleton bean 'auctionProductRepository'
2024-08-16T20:42:01.049+09:00 DEBUG 13981 --- [faniverse] [    Test worker] o.s.b.f.s.DefaultListableBeanFactory     : Creating shared instance of singleton bean 'jpa.named-queries#0'
2024-08-16T20:42:01.051+09:00 DEBUG 13981 --- [faniverse] [    Test worker] o.s.b.f.s.DefaultListableBeanFactory     : Creating shared instance of singleton bean 'jpa.AuctionProductRepository.fragments#0'
2024-08-16T20:42:01.052+09:00 DEBUG 13981 --- [faniverse] [    Test worker] tor$SharedEntityManagerInvocationHandler : Creating new EntityManager for shared EntityManager invocation
2024-08-16T20:42:01.070+09:00 DEBUG 13981 --- [faniverse] [    Test worker] o.s.d.r.c.s.RepositoryFactorySupport     : Initializing repository instance for fantastic.faniverse.product.AuctionProduct.repository.AuctionProductRepository…
[...]
      Matched:
         - @ConditionalOnClass found required class 'org.springframework.security.authentication.ReactiveAuthenticationManager' (OnClassCondition)

   ReactiveWebServerFactoryAutoConfiguration:
      Did not match:
         - @ConditionalOnWebApplication did not find reactive web application classes (OnWebApplicationCondition)

   ReactorAutoConfiguration:
      Did not match:
         - @ConditionalOnClass did not find required class 'reactor.core.publisher.Hooks' (OnClassCondition)

   RedisAutoConfiguration:
      Did not match:
         - @ConditionalOnClass did not find required class 'org.springframework.data.redis.core.RedisOperations' (OnClassCondition)

   RedisCacheConfiguration:
      Did not match:
         - @ConditionalOnClass did not find required class 'org.springframework.data.redis.connection.RedisConnectionFactory' (OnClassCondition)

   RedisReactiveAutoConfiguration:
      Did not match:
         - @ConditionalOnClass did not find required class 'reactor.core.publisher.Flux' (OnClassCondition)

   RedisRepositoriesAutoConfiguration:
      Did not match:
         - @ConditionalOnClass did not find required class 'org.springframework.data.redis.repository.configuration.EnableRedisRepositories' (OnClassCondition)

   RepositoryRestMvcAutoConfiguration:
      Did not match:
         - @ConditionalOnClass did not find required class 'org.springframework.data.rest.webmvc.config.RepositoryRestMvcConfiguration' (OnClassCondition)

   Saml2RelyingPartyAutoConfiguration:
      Did not match:
         - @ConditionalOnClass did not find required class 'org.springframework.security.saml2.provider.service.registration.RelyingPartyRegistrationRepository' (OnClassCondition)

   SecurityDataConfiguration:
      Did not match:
         - @ConditionalOnClass did not find required class 'org.springframework.security.data.repository.query.SecurityEvaluationContextExtension' (OnClassCondition)

   SendGridAutoConfiguration:
      Did not match:
         - @ConditionalOnClass did not find required class 'com.sendgrid.SendGrid' (OnClassCondition)

   ServletWebServerFactoryAutoConfiguration.ForwardedHeaderFilterConfiguration:
      Did not match:
         - @ConditionalOnProperty (server.forward-headers-strategy=framework) did not find property 'server.forward-headers-strategy' (OnPropertyCondition)

   ServletWebServerFactoryConfiguration.EmbeddedJetty:
      Did not match:
         - @ConditionalOnClass did not find required classes 'org.eclipse.jetty.server.Server', 'org.eclipse.jetty.util.Loader', 'org.eclipse.jetty.ee10.webapp.WebAppContext' (OnClassCondition)

   ServletWebServerFactoryConfiguration.EmbeddedUndertow:
      Did not match:
         - @ConditionalOnClass did not find required classes 'io.undertow.Undertow', 'org.xnio.SslClientAuthMode' (OnClassCondition)

   SessionAutoConfiguration:
      Did not match:
         - @ConditionalOnClass did not find required class 'org.springframework.session.Session' (OnClassCondition)

   SpringApplicationAdminJmxAutoConfiguration:
      Did not match:
         - @ConditionalOnProperty (spring.application.admin.enabled=true) did not find property 'enabled' (OnPropertyCondition)

   SpringBootWebSecurityConfiguration.SecurityFilterChainConfiguration:
      Did not match:
         - AllNestedConditions 1 matched 1 did not; NestedCondition on DefaultWebSecurityCondition.Beans @ConditionalOnMissingBean (types: org.springframework.security.web.SecurityFilterChain; SearchStrategy: all) found beans of type 'org.springframework.security.web.SecurityFilterChain' securityFilterChain; NestedCondition on DefaultWebSecurityCondition.Classes @ConditionalOnClass found required classes 'org.springframework.security.web.SecurityFilterChain', 'org.springframework.security.config.annotation.web.builders.HttpSecurity' (DefaultWebSecurityCondition)

   SpringBootWebSecurityConfiguration.WebSecurityEnablerConfiguration:
      Did not match:
         - @ConditionalOnMissingBean (names: springSecurityFilterChain; SearchStrategy: all) found beans named springSecurityFilterChain (OnBeanCondition)
      Matched:
         - @ConditionalOnClass found required class 'org.springframework.security.config.annotation.web.configuration.EnableWebSecurity' (OnClassCondition)

   TaskExecutorConfigurations.SimpleAsyncTaskExecutorBuilderConfiguration#simpleAsyncTaskExecutorBuilderVirtualThreads:
      Did not match:
         - @ConditionalOnMissingBean (types: org.springframework.boot.task.SimpleAsyncTaskExecutorBuilder; SearchStrategy: all) found beans of type 'org.springframework.boot.task.SimpleAsyncTaskExecutorBuilder' simpleAsyncTaskExecutorBuilder (OnBeanCondition)

   TaskExecutorConfigurations.TaskExecutorConfiguration#applicationTaskExecutorVirtualThreads:
      Did not match:
         - @ConditionalOnThreading did not find VIRTUAL (OnThreadingCondition)

   TaskSchedulingAutoConfiguration#scheduledBeanLazyInitializationExcludeFilter:
      Did not match:
         - @ConditionalOnBean (names: org.springframework.context.annotation.internalScheduledAnnotationProcessor; SearchStrategy: all) did not find any beans named org.springframework.context.annotation.internalScheduledAnnotationProcessor (OnBeanCondition)

   TaskSchedulingConfigurations.SimpleAsyncTaskSchedulerBuilderConfiguration#simpleAsyncTaskSchedulerBuilderVirtualThreads:
      Did not match:
         - @ConditionalOnMissingBean (types: org.springframework.boot.task.SimpleAsyncTaskSchedulerBuilder; SearchStrategy: all) found beans of type 'org.springframework.boot.task.SimpleAsyncTaskSchedulerBuilder' simpleAsyncTaskSchedulerBuilder (OnBeanCondition)

   TaskSchedulingConfigurations.TaskSchedulerConfiguration:
      Did not match:
         - @ConditionalOnBean (names: org.springframework.context.annotation.internalScheduledAnnotationProcessor; SearchStrategy: all) did not find any beans named org.springframework.context.annotation.internalScheduledAnnotationProcessor (OnBeanCondition)

   ThymeleafAutoConfiguration:
      Did not match:
         - @ConditionalOnClass did not find required class 'org.thymeleaf.spring6.SpringTemplateEngine' (OnClassCondition)

   TransactionAutoConfiguration#transactionalOperator:
      Did not match:
         - @ConditionalOnSingleCandidate (types: org.springframework.transaction.ReactiveTransactionManager; SearchStrategy: all) did not find any beans (OnBeanCondition)

   TransactionAutoConfiguration.AspectJTransactionManagementConfiguration:
      Did not match:
         - @ConditionalOnBean (types: org.springframework.transaction.aspectj.AbstractTransactionAspect; SearchStrategy: all) did not find any beans of type org.springframework.transaction.aspectj.AbstractTransactionAspect (OnBeanCondition)

   TransactionAutoConfiguration.EnableTransactionManagementConfiguration.JdkDynamicAutoProxyConfiguration:
      Did not match:
         - @ConditionalOnProperty (spring.aop.proxy-target-class=false) did not find property 'proxy-target-class' (OnPropertyCondition)

   UserDetailsServiceAutoConfiguration:
      Did not match:
         - AnyNestedCondition 0 matched 3 did not; NestedCondition on UserDetailsServiceAutoConfiguration.MissingAlternativeOrUserPropertiesConfigured.PasswordConfigured @ConditionalOnProperty (spring.security.user.password) did not find property 'password'; NestedCondition on UserDetailsServiceAutoConfiguration.MissingAlternativeOrUserPropertiesConfigured.NameConfigured @ConditionalOnProperty (spring.security.user.name) did not find property 'name'; NestedCondition on UserDetailsServiceAutoConfiguration.MissingAlternativeOrUserPropertiesConfigured.MissingAlternative @ConditionalOnMissingClass found unwanted class 'org.springframework.security.oauth2.client.registration.ClientRegistrationRepository' (UserDetailsServiceAutoConfiguration.MissingAlternativeOrUserPropertiesConfigured)
      Matched:
         - @ConditionalOnClass found required class 'org.springframework.security.authentication.AuthenticationManager' (OnClassCondition)

   WebClientAutoConfiguration:
      Did not match:
         - @ConditionalOnClass did not find required class 'org.springframework.web.reactive.function.client.WebClient' (OnClassCondition)

   WebFluxAutoConfiguration:
      Did not match:
         - @ConditionalOnClass did not find required class 'org.springframework.web.reactive.config.WebFluxConfigurer' (OnClassCondition)

   WebMvcAutoConfiguration#hiddenHttpMethodFilter:
      Did not match:
         - @ConditionalOnProperty (spring.mvc.hiddenmethod.filter.enabled) did not find property 'enabled' (OnPropertyCondition)

   WebMvcAutoConfiguration.ProblemDetailsErrorHandlingConfiguration:
      Did not match:
         - @ConditionalOnProperty (spring.mvc.problemdetails.enabled=true) did not find property 'enabled' (OnPropertyCondition)

   WebMvcAutoConfiguration.ResourceChainCustomizerConfiguration:
      Did not match:
         - @ConditionalOnEnabledResourceChain did not find class org.webjars.WebJarAssetLocator (OnEnabledResourceChainCondition)

   WebMvcAutoConfiguration.WebMvcAutoConfigurationAdapter#beanNameViewResolver:
      Did not match:
         - @ConditionalOnMissingBean (types: org.springframework.web.servlet.view.BeanNameViewResolver; SearchStrategy: all) found beans of type 'org.springframework.web.servlet.view.BeanNameViewResolver' beanNameViewResolver (OnBeanCondition)

   WebServiceTemplateAutoConfiguration:
      Did not match:
         - @ConditionalOnClass did not find required class 'org.springframework.oxm.Marshaller' (OnClassCondition)

   WebServicesAutoConfiguration:
      Did not match:
         - @ConditionalOnClass did not find required class 'org.springframework.ws.transport.http.MessageDispatcherServlet' (OnClassCondition)

   WebSessionIdResolverAutoConfiguration:
      Did not match:
         - @ConditionalOnClass did not find required class 'reactor.core.publisher.Mono' (OnClassCondition)

   WebSocketMessagingAutoConfiguration.WebSocketMessageConverterConfiguration:
      Did not match:
         - @ConditionalOnBean (types: org.springframework.web.socket.config.annotation.DelegatingWebSocketMessageBrokerConfiguration,com.fasterxml.jackson.databind.ObjectMapper; SearchStrategy: all) did not find any beans of type org.springframework.web.socket.config.annotation.DelegatingWebSocketMessageBrokerConfiguration (OnBeanCondition)
      Matched:
         - @ConditionalOnClass found required classes 'com.fasterxml.jackson.databind.ObjectMapper', 'org.springframework.messaging.simp.config.AbstractMessageBrokerConfiguration' (OnClassCondition)

   WebSocketReactiveAutoConfiguration:
      Did not match:
         - @ConditionalOnWebApplication did not find reactive web application classes (OnWebApplicationCondition)

   WebSocketServletAutoConfiguration.JettyWebSocketConfiguration:
      Did not match:
         - @ConditionalOnClass did not find required class 'org.eclipse.jetty.ee10.websocket.jakarta.server.config.JakartaWebSocketServletContainerInitializer' (OnClassCondition)

   WebSocketServletAutoConfiguration.UndertowWebSocketConfiguration:
      Did not match:
         - @ConditionalOnClass did not find required class 'io.undertow.websockets.jsr.Bootstrap' (OnClassCondition)

   XADataSourceAutoConfiguration:
      Did not match:
         - @ConditionalOnBean (types: org.springframework.boot.jdbc.XADataSourceWrapper; SearchStrategy: all) did not find any beans of type org.springframework.boot.jdbc.XADataSourceWrapper (OnBeanCondition)
      Matched:
         - @ConditionalOnClass found required classes 'javax.sql.DataSource', 'jakarta.transaction.TransactionManager', 'org.springframework.jdbc.datasource.embedded.EmbeddedDatabaseType' (OnClassCondition)


Exclusions:
-----------

    None


Unconditional classes:
----------------------

    org.springframework.boot.autoconfigure.context.ConfigurationPropertiesAutoConfiguration

    org.springframework.boot.autoconfigure.ssl.SslAutoConfiguration

    org.springframework.boot.autoconfigure.context.LifecycleAutoConfiguration

    org.springframework.boot.autoconfigure.context.PropertyPlaceholderAutoConfiguration

    org.springframework.boot.autoconfigure.availability.ApplicationAvailabilityAutoConfiguration

    org.springframework.boot.autoconfigure.info.ProjectInfoAutoConfiguration



2024-08-16T20:42:02.556+09:00  INFO 13981 --- [faniverse] [    Test worker] f.faniverse.FaniverseApplicationTests    : Started FaniverseApplicationTests in 20.962 seconds (process running for 22.487)
2024-08-16T20:42:02.557+09:00 DEBUG 13981 --- [faniverse] [    Test worker] o.s.b.a.ApplicationAvailabilityBean      : Application availability state LivenessState changed to CORRECT
2024-08-16T20:42:02.560+09:00 DEBUG 13981 --- [faniverse] [    Test worker] o.s.b.a.ApplicationAvailabilityBean      : Application availability state ReadinessState changed to ACCEPTING_TRAFFIC
2024-08-16T20:42:02.561+09:00 DEBUG 13981 --- [faniverse] [    Test worker] org.springframework.test.context.cache   : Spring test ApplicationContext cache statistics: [DefaultContextCache@ed37e52 size = 1, maxSize = 32, parentContextCount = 0, hitCount = 0, missCount = 1, failureCount = 0]
2024-08-16T20:42:02.562+09:00 DEBUG 13981 --- [faniverse] [    Test worker] o.s.t.c.w.ServletTestExecutionListener   : Setting up MockHttpServletRequest, MockHttpServletResponse, ServletWebRequest, and RequestContextHolder for test class fantastic.faniverse.FaniverseApplicationTests
2024-08-16T20:42:02.581+09:00 DEBUG 13981 --- [faniverse] [    Test worker] DependencyInjectionTestExecutionListener : Performing dependency injection for test class fantastic.faniverse.FaniverseApplicationTests
2024-08-16T20:42:02.581+09:00 DEBUG 13981 --- [faniverse] [    Test worker] org.springframework.test.context.cache   : Spring test ApplicationContext cache statistics: [DefaultContextCache@ed37e52 size = 1, maxSize = 32, parentContextCount = 0, hitCount = 1, missCount = 1, failureCount = 0]
2024-08-16T20:42:02.583+09:00 DEBUG 13981 --- [faniverse] [    Test worker] org.springframework.test.context.cache   : Spring test ApplicationContext cache statistics: [DefaultContextCache@ed37e52 size = 1, maxSize = 32, parentContextCount = 0, hitCount = 2, missCount = 1, failureCount = 0]
2024-08-16T20:42:02.589+09:00 DEBUG 13981 --- [faniverse] [    Test worker] sContextBeforeModesTestExecutionListener : Before test method: class [FaniverseApplicationTests], method [contextLoads], class annotated with @DirtiesContext [false] with mode [null], method annotated with @DirtiesContext [false] with mode [null]
2024-08-16T20:42:02.592+09:00 DEBUG 13981 --- [faniverse] [    Test worker] org.springframework.test.context.cache   : Spring test ApplicationContext cache statistics: [DefaultContextCache@ed37e52 size = 1, maxSize = 32, parentContextCount = 0, hitCount = 3, missCount = 1, failureCount = 0]
2024-08-16T20:42:02.592+09:00 DEBUG 13981 --- [faniverse] [    Test worker] org.springframework.test.context.cache   : Spring test ApplicationContext cache statistics: [DefaultContextCache@ed37e52 size = 1, maxSize = 32, parentContextCount = 0, hitCount = 4, missCount = 1, failureCount = 0]
2024-08-16T20:42:03.282+09:00 DEBUG 13981 --- [faniverse] [    Test worker] org.springframework.test.context.cache   : Spring test ApplicationContext cache statistics: [DefaultContextCache@ed37e52 size = 1, maxSize = 32, parentContextCount = 0, hitCount = 5, missCount = 1, failureCount = 0]
2024-08-16T20:42:03.289+09:00 DEBUG 13981 --- [faniverse] [    Test worker] org.springframework.test.context.cache   : Spring test ApplicationContext cache statistics: [DefaultContextCache@ed37e52 size = 1, maxSize = 32, parentContextCount = 0, hitCount = 6, missCount = 1, failureCount = 0]
2024-08-16T20:42:03.290+09:00 DEBUG 13981 --- [faniverse] [    Test worker] org.springframework.test.context.cache   : Spring test ApplicationContext cache statistics: [DefaultContextCache@ed37e52 size = 1, maxSize = 32, parentContextCount = 0, hitCount = 7, missCount = 1, failureCount = 0]
2024-08-16T20:42:03.293+09:00 DEBUG 13981 --- [faniverse] [    Test worker] org.springframework.test.context.cache   : Spring test ApplicationContext cache statistics: [DefaultContextCache@ed37e52 size = 1, maxSize = 32, parentContextCount = 0, hitCount = 8, missCount = 1, failureCount = 0]
2024-08-16T20:42:03.293+09:00 DEBUG 13981 --- [faniverse] [    Test worker] org.springframework.test.context.cache   : Spring test ApplicationContext cache statistics: [DefaultContextCache@ed37e52 size = 1, maxSize = 32, parentContextCount = 0, hitCount = 9, missCount = 1, failureCount = 0]
2024-08-16T20:42:03.294+09:00 DEBUG 13981 --- [faniverse] [    Test worker] org.springframework.test.context.cache   : Spring test ApplicationContext cache statistics: [DefaultContextCache@ed37e52 size = 1, maxSize = 32, parentContextCount = 0, hitCount = 10, missCount = 1, failureCount = 0]
2024-08-16T20:42:03.297+09:00 DEBUG 13981 --- [faniverse] [    Test worker] org.springframework.test.context.cache   : Spring test ApplicationContext cache statistics: [DefaultContextCache@ed37e52 size = 1, maxSize = 32, parentContextCount = 0, hitCount = 11, missCount = 1, failureCount = 0]
2024-08-16T20:42:03.298+09:00 DEBUG 13981 --- [faniverse] [    Test worker] org.springframework.test.context.cache   : Spring test ApplicationContext cache statistics: [DefaultContextCache@ed37e52 size = 1, maxSize = 32, parentContextCount = 0, hitCount = 12, missCount = 1, failureCount = 0]
2024-08-16T20:42:03.299+09:00 DEBUG 13981 --- [faniverse] [    Test worker] .c.s.DirtiesContextTestExecutionListener : After test method: class [FaniverseApplicationTests], method [contextLoads], class annotated with @DirtiesContext [false] with mode [null], method annotated with @DirtiesContext [false] with mode [null]
2024-08-16T20:42:03.299+09:00 DEBUG 13981 --- [faniverse] [    Test worker] o.s.t.c.w.ServletTestExecutionListener   : Resetting RequestContextHolder for test class fantastic.faniverse.FaniverseApplicationTests
2024-08-16T20:42:03.310+09:00 DEBUG 13981 --- [faniverse] [    Test worker] org.springframework.test.context.cache   : Spring test ApplicationContext cache statistics: [DefaultContextCache@ed37e52 size = 1, maxSize = 32, parentContextCount = 0, hitCount = 13, missCount = 1, failureCount = 0]
2024-08-16T20:42:03.311+09:00 DEBUG 13981 --- [faniverse] [    Test worker] .c.s.DirtiesContextTestExecutionListener : After test class: class [FaniverseApplicationTests], class annotated with @DirtiesContext [false] with mode [null]
]]></system-out>
  <system-err><![CDATA[WARNING: A Java agent has been loaded dynamically (/Users/macpro/.gradle/caches/modules-2/files-2.1/net.bytebuddy/byte-buddy-agent/1.14.16/4a451ee6484abac3a498df0f3b33ed00a6fced4d/byte-buddy-agent-1.14.16.jar)
WARNING: If a serviceability tool is in use, please run with -XX:+EnableDynamicAgentLoading to hide this warning
WARNING: If a serviceability tool is not in use, please run with -Djdk.instrument.traceUsage for more information
WARNING: Dynamic loading of agents will be disallowed by default in a future release
]]></system-err>
</testsuite>
